Vivado Simulator v2021.2
Copyright 1986-1999, 2001-2021 Xilinx, Inc. All Rights Reserved.
Running: G:/Vivado/2021.2/bin/unwrapped/win64.o/xelab.exe --incr --debug typical --relax --mt 2 -L xil_defaultlib -L xbip_utils_v3_0_10 -L axi_utils_v2_0_6 -L fir_compiler_v7_2_17 -L secureip -L xpm --snapshot FIR_filter_IPC_TB_behav xil_defaultlib.FIR_filter_IPC_TB -log elaborate.log 
Using 2 slave threads.
Starting static elaboration
Completed static elaboration
Starting simulation data flow analysis
Completed simulation data flow analysis
Time Resolution for simulation is 1ps
Compiling package std.standard
Compiling package std.textio
Compiling package ieee.std_logic_1164
Compiling package ieee.numeric_std
Compiling package xbip_utils_v3_0_10.xbip_utils_v3_0_10_pkg
Compiling package fir_compiler_v7_2_17.fir_compiler_v7_2_17_viv_comp
Compiling package ieee.std_logic_textio
Compiling package fir_compiler_v7_2_17.globals_pkg
Compiling package fir_compiler_v7_2_17.components
Compiling package ieee.math_real
Compiling package axi_utils_v2_0_6.global_util_pkg
Compiling package axi_utils_v2_0_6.axi_utils_comps
Compiling package unisim.vcomponents
Compiling package ieee.std_logic_arith
Compiling package ieee.std_logic_signed
Compiling package ieee.vital_timing
Compiling package ieee.vital_primitives
Compiling package unisim.vpkg
Compiling architecture xilinx of entity axi_utils_v2_0_6.glb_srl_fifo [\glb_srl_fifo(width=16,has_ifx=t...]
Compiling architecture xilinx of entity axi_utils_v2_0_6.glb_ifx_slave [\glb_ifx_slave(width=16,has_ifx=...]
Compiling architecture synth of entity fir_compiler_v7_2_17.cntrl_delay [\cntrl_delay(c_delay_len=0,c_mem...]
Compiling architecture synth of entity fir_compiler_v7_2_17.sp_mem [\sp_mem(c_xdevicefamily="kintex7...]
Compiling architecture synth of entity fir_compiler_v7_2_17.sp_mem [\sp_mem(c_xdevicefamily="kintex7...]
Compiling architecture synth of entity fir_compiler_v7_2_17.filt_mem [\filt_mem(c_xdevicefamily="kinte...]
Compiling architecture synth of entity fir_compiler_v7_2_17.buff [\buff(c_xdevicefamily="kintex7",...]
Compiling architecture synth of entity fir_compiler_v7_2_17.delay [\delay(c_delay_len=0,c_xdevicefa...]
Compiling architecture synth of entity fir_compiler_v7_2_17.delay [\delay(c_delay_len=2,c_xdevicefa...]
Compiling architecture synth of entity fir_compiler_v7_2_17.buff [\buff(c_xdevicefamily="kintex7",...]
Compiling architecture synth of entity fir_compiler_v7_2_17.delay [\delay(c_delay_len=0,c_xdevicefa...]
Compiling architecture dsp48e1_v of entity unisim.DSP48E1 [\DSP48E1(mask="11111111111111111...]
Compiling architecture synth of entity fir_compiler_v7_2_17.calc [\calc(c_xdevicefamily="kintex7",...]
Compiling architecture synth of entity fir_compiler_v7_2_17.addsub_mult_add [\addsub_mult_add(c_xdevicefamily...]
Compiling architecture synth of entity fir_compiler_v7_2_17.delay [\delay(c_delay_len=0,c_xdevicefa...]
Compiling architecture synth of entity fir_compiler_v7_2_17.addsub_mult_add [\addsub_mult_add(c_xdevicefamily...]
Compiling architecture synth of entity fir_compiler_v7_2_17.delay [\delay(c_delay_len=1,c_xdevicefa...]
Compiling architecture synth of entity fir_compiler_v7_2_17.delay [\delay(c_delay_len=1,c_xdevicefa...]
Compiling architecture synth of entity fir_compiler_v7_2_17.delay [\delay(c_delay_len=6,c_xdevicefa...]
Compiling architecture synth of entity fir_compiler_v7_2_17.single_rate [\single_rate(c_xdevicefamily="ki...]
Compiling architecture synth of entity fir_compiler_v7_2_17.fir_compiler_v7_2_17_viv [\fir_compiler_v7_2_17_viv(c_xdev...]
Compiling architecture xilinx of entity fir_compiler_v7_2_17.fir_compiler_v7_2_17 [\fir_compiler_v7_2_17(c_xdevicef...]
Compiling architecture fir_compiler_0_arch of entity xil_defaultlib.fir_compiler_0 [fir_compiler_0_default]
Compiling architecture behavioral of entity xil_defaultlib.fir_filter_ipc_tb
Built simulation snapshot FIR_filter_IPC_TB_behav
