#-----------------------------------------------------------
# Vivado v2021.2 (64-bit)
# SW Build 3367213 on Tue Oct 19 02:48:09 MDT 2021
# IP Build 3369179 on Thu Oct 21 08:25:16 MDT 2021
# Start of session at: Sun Jan 26 10:34:39 2025
# Process ID: 50952
# Current directory: C:/Users/Mark/Desktop/review/VHDL/QAM_Receiver
# Command line: vivado.exe -gui_launcher_event rodinguilauncherevent50816 C:\Users\Mark\Desktop\review\VHDL\QAM_Receiver\QAM_Receiver.xpr
# Log file: C:/Users/Mark/Desktop/review/VHDL/QAM_Receiver/vivado.log
# Journal file: C:/Users/Mark/Desktop/review/VHDL/QAM_Receiver\vivado.jou
# Running On: DESKTOP-IIQHOR6, OS: Windows, CPU Frequency: 3800 MHz, CPU Physical cores: 16, Host memory: 34282 MB
#-----------------------------------------------------------
start_gui
open_project C:/Users/Mark/Desktop/review/VHDL/QAM_Receiver/QAM_Receiver.xpr
WARNING: [Board 49-26] cannot add Board Part xilinx.com:kc705:part0:1.6 available at G:/Vivado/2021.2/data/xhub/boards/XilinxBoardStore/boards/Xilinx/kc705/1.6/board.xml as part xc7k325tffg900-2 specified in board_part file is either invalid or not available
WARNING: [Board 49-26] cannot add Board Part xilinx.com:kcu105:part0:1.6 available at G:/Vivado/2021.2/data/xhub/boards/XilinxBoardStore/boards/Xilinx/kcu105/1.6/board.xml as part xcku040-ffva1156-2-e specified in board_part file is either invalid or not available
WARNING: [Board 49-26] cannot add Board Part xilinx.com:kcu105:part0:1.7 available at G:/Vivado/2021.2/data/xhub/boards/XilinxBoardStore/boards/Xilinx/kcu105/1.7/board.xml as part xcku040-ffva1156-2-e specified in board_part file is either invalid or not available
WARNING: [Board 49-26] cannot add Board Part xilinx.com:kcu1500:part0:1.2 available at G:/Vivado/2021.2/data/xhub/boards/XilinxBoardStore/boards/Xilinx/kcu1500/1.2/board.xml as part xcku115-flvb2104-2-e specified in board_part file is either invalid or not available
WARNING: [Board 49-26] cannot add Board Part xilinx.com:vc707:part0:1.4 available at G:/Vivado/2021.2/data/xhub/boards/XilinxBoardStore/boards/Xilinx/vc707/1.4/board.xml as part xc7vx485tffg1761-2 specified in board_part file is either invalid or not available
WARNING: [Board 49-26] cannot add Board Part xilinx.com:vc709:part0:1.8 available at G:/Vivado/2021.2/data/xhub/boards/XilinxBoardStore/boards/Xilinx/vc709/1.8/board.xml as part xc7vx690tffg1761-2 specified in board_part file is either invalid or not available
WARNING: [Board 49-26] cannot add Board Part xilinx.com:vck190:part0:2.2 available at G:/Vivado/2021.2/data/xhub/boards/XilinxBoardStore/boards/Xilinx/vck190/production/2.2/board.xml as part xcvc1902-vsva2197-2mp-e-s specified in board_part file is either invalid or not available
WARNING: [Board 49-26] cannot add Board Part xilinx.com:vck190_es:part0:1.3 available at G:/Vivado/2021.2/data/xhub/boards/XilinxBoardStore/boards/Xilinx/vck190/es/1.3/board.xml as part xcvc1902-vsva2197-2mp-e-s-es1 specified in board_part file is either invalid or not available
WARNING: [Board 49-26] cannot add Board Part xilinx.com:vcu108:part0:1.6 available at G:/Vivado/2021.2/data/xhub/boards/XilinxBoardStore/boards/Xilinx/vcu108/1.6/board.xml as part xcvu095-ffva2104-2-e specified in board_part file is either invalid or not available
WARNING: [Board 49-26] cannot add Board Part xilinx.com:vcu108:part0:1.7 available at G:/Vivado/2021.2/data/xhub/boards/XilinxBoardStore/boards/Xilinx/vcu108/1.7/board.xml as part xcvu095-ffva2104-2-e specified in board_part file is either invalid or not available
WARNING: [Board 49-26] cannot add Board Part xilinx.com:vcu110:part0:1.4 available at G:/Vivado/2021.2/data/xhub/boards/XilinxBoardStore/boards/Xilinx/vcu110/1.4/board.xml as part xcvu190-flgc2104-2-e specified in board_part file is either invalid or not available
WARNING: [Board 49-26] cannot add Board Part xilinx.com:vcu118:part0:2.0 available at G:/Vivado/2021.2/data/xhub/boards/XilinxBoardStore/boards/Xilinx/vcu118/2.0/board.xml as part xcvu9p-flga2104-2l-e specified in board_part file is either invalid or not available
WARNING: [Board 49-26] cannot add Board Part xilinx.com:vcu118:part0:2.3 available at G:/Vivado/2021.2/data/xhub/boards/XilinxBoardStore/boards/Xilinx/vcu118/2.3/board.xml as part xcvu9p-flga2104-2l-e specified in board_part file is either invalid or not available
WARNING: [Board 49-26] cannot add Board Part xilinx.com:vcu118:part0:2.4 available at G:/Vivado/2021.2/data/xhub/boards/XilinxBoardStore/boards/Xilinx/vcu118/2.4/board.xml as part xcvu9p-flga2104-2l-e specified in board_part file is either invalid or not available
WARNING: [Board 49-26] cannot add Board Part xilinx.com:vcu128:part0:1.0 available at G:/Vivado/2021.2/data/xhub/boards/XilinxBoardStore/boards/Xilinx/vcu128/production/1.0/board.xml as part xcvu37p-fsvh2892-2l-e specified in board_part file is either invalid or not available
WARNING: [Board 49-26] cannot add Board Part xilinx.com:vcu129:part0:1.0 available at G:/Vivado/2021.2/data/xhub/boards/XilinxBoardStore/boards/Xilinx/vcu129/production/1.0/board.xml as part xcvu29p-fsga2577-2l-e specified in board_part file is either invalid or not available
WARNING: [Board 49-26] cannot add Board Part xilinx.com:vcu1525:part0:1.3 available at G:/Vivado/2021.2/data/xhub/boards/XilinxBoardStore/boards/Xilinx/vcu1525/1.3/board.xml as part xcvu9p-fsgd2104-2l-e specified in board_part file is either invalid or not available
WARNING: [Board 49-26] cannot add Board Part xilinx.com:vermeo_t1_mpsoc:part0:1.0 available at G:/Vivado/2021.2/data/xhub/boards/XilinxBoardStore/boards/Xilinx/vermeo_t1_mpsoc/1.0/board.xml as part xczu19eg-ffvd1760-2l-e specified in board_part file is either invalid or not available
WARNING: [Board 49-26] cannot add Board Part xilinx.com:vermeo_t1_rfsoc:part0:1.0 available at G:/Vivado/2021.2/data/xhub/boards/XilinxBoardStore/boards/Xilinx/vermeo_t1_rfsoc/1.0/board.xml as part xczu21dr-ffvd1156-2l-e specified in board_part file is either invalid or not available
WARNING: [Board 49-26] cannot add Board Part xilinx.com:vmk180:part0:2.2 available at G:/Vivado/2021.2/data/xhub/boards/XilinxBoardStore/boards/Xilinx/vmk180/production/2.2/board.xml as part xcvm1802-vsva2197-2mp-e-s specified in board_part file is either invalid or not available
WARNING: [Board 49-26] cannot add Board Part xilinx.com:vmk180_es:part0:1.3 available at G:/Vivado/2021.2/data/xhub/boards/XilinxBoardStore/boards/Xilinx/vmk180/es/1.3/board.xml as part xcvm1802-vsva2197-2mp-e-s-es1 specified in board_part file is either invalid or not available
WARNING: [Board 49-26] cannot add Board Part xilinx.com:vpk120_es:part0:1.2 available at G:/Vivado/2021.2/data/xhub/boards/XilinxBoardStore/boards/Xilinx/vpk120/es/1.2/board.xml as part xcvp1202-vsva2785-2mp-e-s-es1 specified in board_part file is either invalid or not available
WARNING: [Board 49-26] cannot add Board Part xilinx.com:zc706:part0:1.4 available at G:/Vivado/2021.2/data/xhub/boards/XilinxBoardStore/boards/Xilinx/zc706/1.4/board.xml as part xc7z045ffg900-2 specified in board_part file is either invalid or not available
WARNING: [Board 49-26] cannot add Board Part xilinx.com:zcu102:part0:3.3 available at G:/Vivado/2021.2/data/xhub/boards/XilinxBoardStore/boards/Xilinx/zcu102/3.3/board.xml as part xczu9eg-ffvb1156-2-e specified in board_part file is either invalid or not available
WARNING: [Board 49-26] cannot add Board Part xilinx.com:zcu102:part0:3.4 available at G:/Vivado/2021.2/data/xhub/boards/XilinxBoardStore/boards/Xilinx/zcu102/3.4/board.xml as part xczu9eg-ffvb1156-2-e specified in board_part file is either invalid or not available
WARNING: [Board 49-26] cannot add Board Part xilinx.com:zcu111:part0:1.2 available at G:/Vivado/2021.2/data/xhub/boards/XilinxBoardStore/boards/Xilinx/zcu111/1.2/board.xml as part xczu28dr-ffvg1517-2-e specified in board_part file is either invalid or not available
WARNING: [Board 49-26] cannot add Board Part xilinx.com:zcu111:part0:1.3 available at G:/Vivado/2021.2/data/xhub/boards/XilinxBoardStore/boards/Xilinx/zcu111/1.3/board.xml as part xczu28dr-ffvg1517-2-e specified in board_part file is either invalid or not available
WARNING: [Board 49-26] cannot add Board Part xilinx.com:zcu111:part0:1.4 available at G:/Vivado/2021.2/data/xhub/boards/XilinxBoardStore/boards/Xilinx/zcu111/1.4/board.xml as part xczu28dr-ffvg1517-2-e specified in board_part file is either invalid or not available
WARNING: [Board 49-26] cannot add Board Part xilinx.com:zcu1275:part0:1.0 available at G:/Vivado/2021.2/data/xhub/boards/XilinxBoardStore/boards/Xilinx/zcu1275/1.0/board.xml as part xczu29dr-ffvf1760-2-e specified in board_part file is either invalid or not available
WARNING: [Board 49-26] cannot add Board Part xilinx.com:zcu1285:part0:1.0 available at G:/Vivado/2021.2/data/xhub/boards/XilinxBoardStore/boards/Xilinx/zcu1285/1.0/board.xml as part xczu39dr-ffvf1760-2-i specified in board_part file is either invalid or not available
WARNING: [Board 49-26] cannot add Board Part xilinx.com:zcu208:part0:2.0 available at G:/Vivado/2021.2/data/xhub/boards/XilinxBoardStore/boards/Xilinx/zcu208/production/2.0/board.xml as part xczu48dr-fsvg1517-2-e specified in board_part file is either invalid or not available
WARNING: [Board 49-26] cannot add Board Part xilinx.com:zcu208_es:part0:1.0 available at G:/Vivado/2021.2/data/xhub/boards/XilinxBoardStore/boards/Xilinx/zcu208/es/1.0/board.xml as part xczu48dr-fsvg1517-2-e-es1 specified in board_part file is either invalid or not available
WARNING: [Board 49-26] cannot add Board Part xilinx.com:zcu208_es:part0:1.1 available at G:/Vivado/2021.2/data/xhub/boards/XilinxBoardStore/boards/Xilinx/zcu208/es/1.1/board.xml as part xczu48dr-fsvg1517-2-e-es1 specified in board_part file is either invalid or not available
WARNING: [Board 49-26] cannot add Board Part xilinx.com:zcu208_es:part0:1.2 available at G:/Vivado/2021.2/data/xhub/boards/XilinxBoardStore/boards/Xilinx/zcu208/es/1.2/board.xml as part xczu48dr-fsvg1517-2-e-es1 specified in board_part file is either invalid or not available
WARNING: [Board 49-26] cannot add Board Part xilinx.com:zcu208ld:part0:2.0 available at G:/Vivado/2021.2/data/xhub/boards/XilinxBoardStore/boards/Xilinx/zcu208ld/production/2.0/board.xml as part xczu58dr-fsvg1517-2-i specified in board_part file is either invalid or not available
WARNING: [Board 49-26] cannot add Board Part xilinx.com:zcu208ld_es:part0:1.0 available at G:/Vivado/2021.2/data/xhub/boards/XilinxBoardStore/boards/Xilinx/zcu208ld/es/1.0/board.xml as part xczu58dr-fsvg1517-2-i-es1 specified in board_part file is either invalid or not available
WARNING: [Board 49-26] cannot add Board Part xilinx.com:zcu216:part0:2.0 available at G:/Vivado/2021.2/data/xhub/boards/XilinxBoardStore/boards/Xilinx/zcu216/production/2.0/board.xml as part xczu49dr-ffvf1760-2-e specified in board_part file is either invalid or not available
WARNING: [Board 49-26] cannot add Board Part xilinx.com:zcu216_es:part0:1.0 available at G:/Vivado/2021.2/data/xhub/boards/XilinxBoardStore/boards/Xilinx/zcu216/es/1.0/board.xml as part xczu49dr-ffvf1760-2-e-es1 specified in board_part file is either invalid or not available
WARNING: [Board 49-26] cannot add Board Part xilinx.com:zcu216_es:part0:1.1 available at G:/Vivado/2021.2/data/xhub/boards/XilinxBoardStore/boards/Xilinx/zcu216/es/1.1/board.xml as part xczu49dr-ffvf1760-2-e-es1 specified in board_part file is either invalid or not available
WARNING: [Board 49-26] cannot add Board Part xilinx.com:zcu216_es:part0:1.2 available at G:/Vivado/2021.2/data/xhub/boards/XilinxBoardStore/boards/Xilinx/zcu216/es/1.2/board.xml as part xczu49dr-ffvf1760-2-e-es1 specified in board_part file is either invalid or not available
WARNING: [Board 49-26] cannot add Board Part xilinx.com:zcu216ld:part0:2.0 available at G:/Vivado/2021.2/data/xhub/boards/XilinxBoardStore/boards/Xilinx/zcu216ld/production/2.0/board.xml as part xczu59dr-ffvf1760-2-i specified in board_part file is either invalid or not available
WARNING: [Board 49-26] cannot add Board Part xilinx.com:zcu216ld_es:part0:1.0 available at G:/Vivado/2021.2/data/xhub/boards/XilinxBoardStore/boards/Xilinx/zcu216ld/es/1.0/board.xml as part xczu59dr-ffvf1760-2-i-es1 specified in board_part file is either invalid or not available
WARNING: [Board 49-26] cannot add Board Part xilinx.com:zcu670:part0:1.0 available at G:/Vivado/2021.2/data/xhub/boards/XilinxBoardStore/boards/Xilinx/zcu670/1.0/board.xml as part xczu67dr-fsve1156-2-i specified in board_part file is either invalid or not available
INFO: [filemgmt 56-3] Default IP Output Path : Could not find the directory 'C:/Users/Mark/Desktop/review/VHDL/QAM_Receiver/QAM_Receiver.gen/sources_1'.
Scanning sources...
Finished scanning sources
INFO: [IP_Flow 19-234] Refreshing IP repositories
INFO: [IP_Flow 19-1704] No user IP repositories specified
INFO: [IP_Flow 19-2313] Loaded Vivado IP repository 'G:/Vivado/2021.2/data/ip'.
open_project: Time (s): cpu = 00:00:11 ; elapsed = 00:00:05 . Memory (MB): peak = 1253.461 ; gain = 0.000
update_compile_order -fileset sources_1
launch_simulation
Command: launch_simulation 
INFO: [Vivado 12-12493] Simulation top is 'QAM_Transmitter_TB'
WARNING: [Vivado 12-12986] Compiled library path does not exist: ''
INFO: [Vivado 12-5682] Launching behavioral simulation in 'C:/Users/Mark/Desktop/review/VHDL/QAM_Receiver/QAM_Receiver.sim/sim_1/behav/xsim'
INFO: [SIM-utils-51] Simulation object is 'sim_1'
INFO: [SIM-utils-72] Using boost library from 'G:/Vivado/2021.2/tps/boost_1_72_0'
INFO: [SIM-utils-54] Inspecting design source files for 'QAM_Transmitter_TB' in fileset 'sim_1'...
INFO: [USF-XSim-97] Finding global include files...
INFO: [USF-XSim-98] Fetching design files from 'sim_1'...
INFO: [USF-XSim-2] XSim::Compile design
INFO: [USF-XSim-61] Executing 'COMPILE and ANALYZE' step in 'C:/Users/Mark/Desktop/review/VHDL/QAM_Receiver/QAM_Receiver.sim/sim_1/behav/xsim'
"xvhdl --incr --relax -prj QAM_Transmitter_TB_vhdl.prj"
INFO: [VRFC 10-163] Analyzing VHDL file "C:/Users/Mark/Desktop/review/VHDL/QAM_Receiver/QAM_Receiver.srcs/sources_1/new/AGC_module.vhd" into library xil_defaultlib
INFO: [VRFC 10-3107] analyzing entity 'AGC'
ERROR: [VRFC 10-724] found '0' definitions of operator "-", cannot determine exact overloaded matching definition for "-" [C:/Users/Mark/Desktop/review/VHDL/QAM_Receiver/QAM_Receiver.srcs/sources_1/new/AGC_module.vhd:71]
ERROR: [VRFC 10-2123] 0 definitions of operator "/" match here [C:/Users/Mark/Desktop/review/VHDL/QAM_Receiver/QAM_Receiver.srcs/sources_1/new/AGC_module.vhd:71]
ERROR: [VRFC 10-3782] unit 'behavioral' ignored due to previous errors [C:/Users/Mark/Desktop/review/VHDL/QAM_Receiver/QAM_Receiver.srcs/sources_1/new/AGC_module.vhd:35]
INFO: [VRFC 10-3070] VHDL file 'C:/Users/Mark/Desktop/review/VHDL/QAM_Receiver/QAM_Receiver.srcs/sources_1/new/AGC_module.vhd' ignored due to errors
INFO: [USF-XSim-69] 'compile' step finished in '1' seconds
INFO: [USF-XSim-99] Step results log file:'C:/Users/Mark/Desktop/review/VHDL/QAM_Receiver/QAM_Receiver.sim/sim_1/behav/xsim/xvhdl.log'
ERROR: [USF-XSim-62] 'compile' step failed with error(s). Please check the Tcl console output or 'C:/Users/Mark/Desktop/review/VHDL/QAM_Receiver/QAM_Receiver.sim/sim_1/behav/xsim/xvhdl.log' file for more information.
ERROR: [Vivado 12-4473] Detected error while running simulation. Please correct the issue and retry this operation.
ERROR: [Common 17-39] 'launch_simulation' failed due to earlier errors.
launch_simulation
Command: launch_simulation 
INFO: [Vivado 12-12493] Simulation top is 'QAM_Transmitter_TB'
WARNING: [Vivado 12-12986] Compiled library path does not exist: ''
INFO: [Vivado 12-5682] Launching behavioral simulation in 'C:/Users/Mark/Desktop/review/VHDL/QAM_Receiver/QAM_Receiver.sim/sim_1/behav/xsim'
INFO: [SIM-utils-51] Simulation object is 'sim_1'
INFO: [SIM-utils-72] Using boost library from 'G:/Vivado/2021.2/tps/boost_1_72_0'
INFO: [SIM-utils-54] Inspecting design source files for 'QAM_Transmitter_TB' in fileset 'sim_1'...
INFO: [USF-XSim-97] Finding global include files...
INFO: [USF-XSim-98] Fetching design files from 'sim_1'...
INFO: [USF-XSim-2] XSim::Compile design
INFO: [USF-XSim-61] Executing 'COMPILE and ANALYZE' step in 'C:/Users/Mark/Desktop/review/VHDL/QAM_Receiver/QAM_Receiver.sim/sim_1/behav/xsim'
"xvhdl --incr --relax -prj QAM_Transmitter_TB_vhdl.prj"
INFO: [VRFC 10-163] Analyzing VHDL file "C:/Users/Mark/Desktop/review/VHDL/QAM_Receiver/QAM_Receiver.srcs/sources_1/new/AGC_module.vhd" into library xil_defaultlib
INFO: [VRFC 10-3107] analyzing entity 'AGC'
INFO: [USF-XSim-69] 'compile' step finished in '1' seconds
INFO: [USF-XSim-3] XSim::Elaborate design
INFO: [USF-XSim-61] Executing 'ELABORATE' step in 'C:/Users/Mark/Desktop/review/VHDL/QAM_Receiver/QAM_Receiver.sim/sim_1/behav/xsim'
"xelab --incr --debug typical --relax --mt 2 -L xil_defaultlib -L secureip --snapshot QAM_Transmitter_TB_behav xil_defaultlib.QAM_Transmitter_TB -log elaborate.log"
Vivado Simulator v2021.2
Copyright 1986-1999, 2001-2021 Xilinx, Inc. All Rights Reserved.
Running: G:/Vivado/2021.2/bin/unwrapped/win64.o/xelab.exe --incr --debug typical --relax --mt 2 -L xil_defaultlib -L secureip --snapshot QAM_Transmitter_TB_behav xil_defaultlib.QAM_Transmitter_TB -log elaborate.log 
Using 2 slave threads.
Starting static elaboration
Completed static elaboration
Starting simulation data flow analysis
Completed simulation data flow analysis
Time Resolution for simulation is 1ps
Compiling package std.standard
Compiling package std.textio
Compiling package ieee.std_logic_1164
Compiling package ieee.numeric_std
Compiling package ieee.std_logic_textio
Compiling architecture behavioral of entity xil_defaultlib.file_read [\file_read(file_name="rx_bin.txt...]
Compiling architecture behavioral of entity xil_defaultlib.AGC [agc_default]
Compiling architecture behavioral of entity xil_defaultlib.qam_transmitter_tb
Built simulation snapshot QAM_Transmitter_TB_behav
INFO: [USF-XSim-69] 'elaborate' step finished in '2' seconds
INFO: [USF-XSim-4] XSim::Simulate design
INFO: [USF-XSim-61] Executing 'SIMULATE' step in 'C:/Users/Mark/Desktop/review/VHDL/QAM_Receiver/QAM_Receiver.sim/sim_1/behav/xsim'
INFO: [USF-XSim-98] *** Running xsim
   with args "QAM_Transmitter_TB_behav -key {Behavioral:sim_1:Functional:QAM_Transmitter_TB} -tclbatch {QAM_Transmitter_TB.tcl} -log {simulate.log}"
INFO: [USF-XSim-8] Loading simulator feature
Time resolution is 1 ps
source QAM_Transmitter_TB.tcl
# set curr_wave [current_wave_config]
# if { [string length $curr_wave] == 0 } {
#   if { [llength [get_objects]] > 0} {
#     add_wave /
#     set_property needs_save false [current_wave_config]
#   } else {
#      send_msg_id Add_Wave-1 WARNING "No top level signals found. Simulator will start without a wave window. If you want to open a wave window go to 'File->New Waveform Configuration' or type 'create_wave_config' in the TCL console."
#   }
# }
# run 6500ns
ERROR: Array sizes do not match, left array has 48 elements, right array has 64 elements
Time: 29 ns  Iteration: 0  Process: /QAM_Transmitter_TB/AGC_DUT/line__46
  File: C:/Users/Mark/Desktop/review/VHDL/QAM_Receiver/QAM_Receiver.srcs/sources_1/new/AGC_module.vhd

HDL Line: C:/Users/Mark/Desktop/review/VHDL/QAM_Receiver/QAM_Receiver.srcs/sources_1/new/AGC_module.vhd:68
INFO: [USF-XSim-96] XSim completed. Design snapshot 'QAM_Transmitter_TB_behav' loaded.
INFO: [USF-XSim-97] XSim simulation ran for 6500ns
launch_simulation: Time (s): cpu = 00:00:04 ; elapsed = 00:00:06 . Memory (MB): peak = 1253.461 ; gain = 0.000
close_sim
INFO: [Simtcl 6-16] Simulation closed
launch_simulation
Command: launch_simulation 
INFO: [Vivado 12-12493] Simulation top is 'QAM_Transmitter_TB'
WARNING: [Vivado 12-12986] Compiled library path does not exist: ''
INFO: [Vivado 12-5682] Launching behavioral simulation in 'C:/Users/Mark/Desktop/review/VHDL/QAM_Receiver/QAM_Receiver.sim/sim_1/behav/xsim'
INFO: [SIM-utils-51] Simulation object is 'sim_1'
INFO: [SIM-utils-72] Using boost library from 'G:/Vivado/2021.2/tps/boost_1_72_0'
INFO: [SIM-utils-54] Inspecting design source files for 'QAM_Transmitter_TB' in fileset 'sim_1'...
INFO: [USF-XSim-97] Finding global include files...
INFO: [USF-XSim-98] Fetching design files from 'sim_1'...
INFO: [USF-XSim-2] XSim::Compile design
INFO: [USF-XSim-61] Executing 'COMPILE and ANALYZE' step in 'C:/Users/Mark/Desktop/review/VHDL/QAM_Receiver/QAM_Receiver.sim/sim_1/behav/xsim'
"xvhdl --incr --relax -prj QAM_Transmitter_TB_vhdl.prj"
INFO: [VRFC 10-163] Analyzing VHDL file "C:/Users/Mark/Desktop/review/VHDL/QAM_Receiver/QAM_Receiver.srcs/sources_1/new/AGC_module.vhd" into library xil_defaultlib
INFO: [VRFC 10-3107] analyzing entity 'AGC'
INFO: [USF-XSim-69] 'compile' step finished in '1' seconds
INFO: [USF-XSim-3] XSim::Elaborate design
INFO: [USF-XSim-61] Executing 'ELABORATE' step in 'C:/Users/Mark/Desktop/review/VHDL/QAM_Receiver/QAM_Receiver.sim/sim_1/behav/xsim'
"xelab --incr --debug typical --relax --mt 2 -L xil_defaultlib -L secureip --snapshot QAM_Transmitter_TB_behav xil_defaultlib.QAM_Transmitter_TB -log elaborate.log"
Vivado Simulator v2021.2
Copyright 1986-1999, 2001-2021 Xilinx, Inc. All Rights Reserved.
Running: G:/Vivado/2021.2/bin/unwrapped/win64.o/xelab.exe --incr --debug typical --relax --mt 2 -L xil_defaultlib -L secureip --snapshot QAM_Transmitter_TB_behav xil_defaultlib.QAM_Transmitter_TB -log elaborate.log 
Using 2 slave threads.
Starting static elaboration
Completed static elaboration
Starting simulation data flow analysis
Completed simulation data flow analysis
Time Resolution for simulation is 1ps
Compiling package std.standard
Compiling package std.textio
Compiling package ieee.std_logic_1164
Compiling package ieee.numeric_std
Compiling package ieee.std_logic_textio
Compiling architecture behavioral of entity xil_defaultlib.file_read [\file_read(file_name="rx_bin.txt...]
Compiling architecture behavioral of entity xil_defaultlib.AGC [agc_default]
Compiling architecture behavioral of entity xil_defaultlib.qam_transmitter_tb
Built simulation snapshot QAM_Transmitter_TB_behav
INFO: [USF-XSim-69] 'elaborate' step finished in '1' seconds
INFO: [USF-XSim-4] XSim::Simulate design
INFO: [USF-XSim-61] Executing 'SIMULATE' step in 'C:/Users/Mark/Desktop/review/VHDL/QAM_Receiver/QAM_Receiver.sim/sim_1/behav/xsim'
INFO: [USF-XSim-98] *** Running xsim
   with args "QAM_Transmitter_TB_behav -key {Behavioral:sim_1:Functional:QAM_Transmitter_TB} -tclbatch {QAM_Transmitter_TB.tcl} -log {simulate.log}"
INFO: [USF-XSim-8] Loading simulator feature
INFO: [Common 17-41] Interrupt caught. Command should exit soon.
Time resolution is 1 ps
source QAM_Transmitter_TB.tcl
INFO: [Common 17-344] 'xsim' was cancelled
INFO: [Vivado 12-5357] 'simulate' step aborted
launch_simulation: Time (s): cpu = 00:00:01 ; elapsed = 00:00:05 . Memory (MB): peak = 1253.461 ; gain = 0.000
INFO: [Common 17-344] 'launch_simulation' was cancelled
close_sim
INFO: [Simtcl 6-16] Simulation closed
launch_simulation
Command: launch_simulation 
INFO: [Vivado 12-12493] Simulation top is 'QAM_Transmitter_TB'
WARNING: [Vivado 12-12986] Compiled library path does not exist: ''
INFO: [Vivado 12-5682] Launching behavioral simulation in 'C:/Users/Mark/Desktop/review/VHDL/QAM_Receiver/QAM_Receiver.sim/sim_1/behav/xsim'
INFO: [SIM-utils-51] Simulation object is 'sim_1'
INFO: [SIM-utils-72] Using boost library from 'G:/Vivado/2021.2/tps/boost_1_72_0'
INFO: [SIM-utils-54] Inspecting design source files for 'QAM_Transmitter_TB' in fileset 'sim_1'...
INFO: [USF-XSim-97] Finding global include files...
INFO: [USF-XSim-98] Fetching design files from 'sim_1'...
INFO: [USF-XSim-2] XSim::Compile design
INFO: [USF-XSim-61] Executing 'COMPILE and ANALYZE' step in 'C:/Users/Mark/Desktop/review/VHDL/QAM_Receiver/QAM_Receiver.sim/sim_1/behav/xsim'
"xvhdl --incr --relax -prj QAM_Transmitter_TB_vhdl.prj"
INFO: [VRFC 10-163] Analyzing VHDL file "C:/Users/Mark/Desktop/review/VHDL/QAM_Receiver/QAM_Receiver.srcs/sources_1/new/AGC_module.vhd" into library xil_defaultlib
INFO: [VRFC 10-3107] analyzing entity 'AGC'
INFO: [USF-XSim-69] 'compile' step finished in '1' seconds
INFO: [USF-XSim-3] XSim::Elaborate design
INFO: [USF-XSim-61] Executing 'ELABORATE' step in 'C:/Users/Mark/Desktop/review/VHDL/QAM_Receiver/QAM_Receiver.sim/sim_1/behav/xsim'
"xelab --incr --debug typical --relax --mt 2 -L xil_defaultlib -L secureip --snapshot QAM_Transmitter_TB_behav xil_defaultlib.QAM_Transmitter_TB -log elaborate.log"
Vivado Simulator v2021.2
Copyright 1986-1999, 2001-2021 Xilinx, Inc. All Rights Reserved.
Running: G:/Vivado/2021.2/bin/unwrapped/win64.o/xelab.exe --incr --debug typical --relax --mt 2 -L xil_defaultlib -L secureip --snapshot QAM_Transmitter_TB_behav xil_defaultlib.QAM_Transmitter_TB -log elaborate.log 
Using 2 slave threads.
Starting static elaboration
Completed static elaboration
Starting simulation data flow analysis
Completed simulation data flow analysis
Time Resolution for simulation is 1ps
Compiling package std.standard
Compiling package std.textio
Compiling package ieee.std_logic_1164
Compiling package ieee.numeric_std
Compiling package ieee.std_logic_textio
Compiling architecture behavioral of entity xil_defaultlib.file_read [\file_read(file_name="rx_bin.txt...]
Compiling architecture behavioral of entity xil_defaultlib.AGC [agc_default]
Compiling architecture behavioral of entity xil_defaultlib.qam_transmitter_tb
Built simulation snapshot QAM_Transmitter_TB_behav
INFO: [USF-XSim-69] 'elaborate' step finished in '2' seconds
INFO: [USF-XSim-4] XSim::Simulate design
INFO: [USF-XSim-61] Executing 'SIMULATE' step in 'C:/Users/Mark/Desktop/review/VHDL/QAM_Receiver/QAM_Receiver.sim/sim_1/behav/xsim'
INFO: [USF-XSim-98] *** Running xsim
   with args "QAM_Transmitter_TB_behav -key {Behavioral:sim_1:Functional:QAM_Transmitter_TB} -tclbatch {QAM_Transmitter_TB.tcl} -log {simulate.log}"
INFO: [USF-XSim-8] Loading simulator feature
Time resolution is 1 ps
source QAM_Transmitter_TB.tcl
# set curr_wave [current_wave_config]
# if { [string length $curr_wave] == 0 } {
#   if { [llength [get_objects]] > 0} {
#     add_wave /
#     set_property needs_save false [current_wave_config]
#   } else {
#      send_msg_id Add_Wave-1 WARNING "No top level signals found. Simulator will start without a wave window. If you want to open a wave window go to 'File->New Waveform Configuration' or type 'create_wave_config' in the TCL console."
#   }
# }
# run 6500ns
ERROR: Array sizes do not match, left array has 64 elements, right array has 48 elements
Time: 29 ns  Iteration: 0  Process: /QAM_Transmitter_TB/AGC_DUT/line__46
  File: C:/Users/Mark/Desktop/review/VHDL/QAM_Receiver/QAM_Receiver.srcs/sources_1/new/AGC_module.vhd

HDL Line: C:/Users/Mark/Desktop/review/VHDL/QAM_Receiver/QAM_Receiver.srcs/sources_1/new/AGC_module.vhd:68
INFO: [USF-XSim-96] XSim completed. Design snapshot 'QAM_Transmitter_TB_behav' loaded.
INFO: [USF-XSim-97] XSim simulation ran for 6500ns
launch_simulation: Time (s): cpu = 00:00:02 ; elapsed = 00:00:06 . Memory (MB): peak = 1253.461 ; gain = 0.000
close_sim
INFO: [Simtcl 6-16] Simulation closed
launch_simulation
Command: launch_simulation 
INFO: [Vivado 12-12493] Simulation top is 'QAM_Transmitter_TB'
WARNING: [Vivado 12-12986] Compiled library path does not exist: ''
INFO: [Vivado 12-5682] Launching behavioral simulation in 'C:/Users/Mark/Desktop/review/VHDL/QAM_Receiver/QAM_Receiver.sim/sim_1/behav/xsim'
INFO: [SIM-utils-51] Simulation object is 'sim_1'
INFO: [SIM-utils-72] Using boost library from 'G:/Vivado/2021.2/tps/boost_1_72_0'
INFO: [SIM-utils-54] Inspecting design source files for 'QAM_Transmitter_TB' in fileset 'sim_1'...
INFO: [USF-XSim-97] Finding global include files...
INFO: [USF-XSim-98] Fetching design files from 'sim_1'...
INFO: [USF-XSim-2] XSim::Compile design
INFO: [USF-XSim-61] Executing 'COMPILE and ANALYZE' step in 'C:/Users/Mark/Desktop/review/VHDL/QAM_Receiver/QAM_Receiver.sim/sim_1/behav/xsim'
"xvhdl --incr --relax -prj QAM_Transmitter_TB_vhdl.prj"
INFO: [VRFC 10-163] Analyzing VHDL file "C:/Users/Mark/Desktop/review/VHDL/QAM_Receiver/QAM_Receiver.srcs/sources_1/new/AGC_module.vhd" into library xil_defaultlib
INFO: [VRFC 10-3107] analyzing entity 'AGC'
INFO: [USF-XSim-69] 'compile' step finished in '1' seconds
INFO: [USF-XSim-3] XSim::Elaborate design
INFO: [USF-XSim-61] Executing 'ELABORATE' step in 'C:/Users/Mark/Desktop/review/VHDL/QAM_Receiver/QAM_Receiver.sim/sim_1/behav/xsim'
"xelab --incr --debug typical --relax --mt 2 -L xil_defaultlib -L secureip --snapshot QAM_Transmitter_TB_behav xil_defaultlib.QAM_Transmitter_TB -log elaborate.log"
Vivado Simulator v2021.2
Copyright 1986-1999, 2001-2021 Xilinx, Inc. All Rights Reserved.
Running: G:/Vivado/2021.2/bin/unwrapped/win64.o/xelab.exe --incr --debug typical --relax --mt 2 -L xil_defaultlib -L secureip --snapshot QAM_Transmitter_TB_behav xil_defaultlib.QAM_Transmitter_TB -log elaborate.log 
Using 2 slave threads.
Starting static elaboration
Completed static elaboration
Starting simulation data flow analysis
Completed simulation data flow analysis
Time Resolution for simulation is 1ps
Compiling package std.standard
Compiling package std.textio
Compiling package ieee.std_logic_1164
Compiling package ieee.numeric_std
Compiling package ieee.std_logic_textio
Compiling architecture behavioral of entity xil_defaultlib.file_read [\file_read(file_name="rx_bin.txt...]
Compiling architecture behavioral of entity xil_defaultlib.AGC [agc_default]
Compiling architecture behavioral of entity xil_defaultlib.qam_transmitter_tb
Built simulation snapshot QAM_Transmitter_TB_behav
INFO: [USF-XSim-69] 'elaborate' step finished in '2' seconds
INFO: [USF-XSim-4] XSim::Simulate design
INFO: [USF-XSim-61] Executing 'SIMULATE' step in 'C:/Users/Mark/Desktop/review/VHDL/QAM_Receiver/QAM_Receiver.sim/sim_1/behav/xsim'
INFO: [USF-XSim-98] *** Running xsim
   with args "QAM_Transmitter_TB_behav -key {Behavioral:sim_1:Functional:QAM_Transmitter_TB} -tclbatch {QAM_Transmitter_TB.tcl} -log {simulate.log}"
INFO: [USF-XSim-8] Loading simulator feature
Time resolution is 1 ps
source QAM_Transmitter_TB.tcl
# set curr_wave [current_wave_config]
# if { [string length $curr_wave] == 0 } {
#   if { [llength [get_objects]] > 0} {
#     add_wave /
#     set_property needs_save false [current_wave_config]
#   } else {
#      send_msg_id Add_Wave-1 WARNING "No top level signals found. Simulator will start without a wave window. If you want to open a wave window go to 'File->New Waveform Configuration' or type 'create_wave_config' in the TCL console."
#   }
# }
# run 6500ns
INFO: [USF-XSim-96] XSim completed. Design snapshot 'QAM_Transmitter_TB_behav' loaded.
INFO: [USF-XSim-97] XSim simulation ran for 6500ns
launch_simulation: Time (s): cpu = 00:00:02 ; elapsed = 00:00:05 . Memory (MB): peak = 1253.461 ; gain = 0.000
close_sim
INFO: [Simtcl 6-16] Simulation closed
launch_simulation
Command: launch_simulation 
INFO: [Vivado 12-12493] Simulation top is 'QAM_Transmitter_TB'
WARNING: [Vivado 12-12986] Compiled library path does not exist: ''
INFO: [Vivado 12-5682] Launching behavioral simulation in 'C:/Users/Mark/Desktop/review/VHDL/QAM_Receiver/QAM_Receiver.sim/sim_1/behav/xsim'
INFO: [SIM-utils-51] Simulation object is 'sim_1'
INFO: [SIM-utils-72] Using boost library from 'G:/Vivado/2021.2/tps/boost_1_72_0'
INFO: [SIM-utils-54] Inspecting design source files for 'QAM_Transmitter_TB' in fileset 'sim_1'...
INFO: [USF-XSim-97] Finding global include files...
INFO: [USF-XSim-98] Fetching design files from 'sim_1'...
INFO: [USF-XSim-2] XSim::Compile design
INFO: [USF-XSim-61] Executing 'COMPILE and ANALYZE' step in 'C:/Users/Mark/Desktop/review/VHDL/QAM_Receiver/QAM_Receiver.sim/sim_1/behav/xsim'
"xvhdl --incr --relax -prj QAM_Transmitter_TB_vhdl.prj"
INFO: [VRFC 10-163] Analyzing VHDL file "C:/Users/Mark/Desktop/review/VHDL/QAM_Receiver/QAM_Receiver.srcs/sources_1/new/AGC_module.vhd" into library xil_defaultlib
INFO: [VRFC 10-3107] analyzing entity 'AGC'
INFO: [USF-XSim-69] 'compile' step finished in '2' seconds
INFO: [USF-XSim-3] XSim::Elaborate design
INFO: [USF-XSim-61] Executing 'ELABORATE' step in 'C:/Users/Mark/Desktop/review/VHDL/QAM_Receiver/QAM_Receiver.sim/sim_1/behav/xsim'
"xelab --incr --debug typical --relax --mt 2 -L xil_defaultlib -L secureip --snapshot QAM_Transmitter_TB_behav xil_defaultlib.QAM_Transmitter_TB -log elaborate.log"
Vivado Simulator v2021.2
Copyright 1986-1999, 2001-2021 Xilinx, Inc. All Rights Reserved.
Running: G:/Vivado/2021.2/bin/unwrapped/win64.o/xelab.exe --incr --debug typical --relax --mt 2 -L xil_defaultlib -L secureip --snapshot QAM_Transmitter_TB_behav xil_defaultlib.QAM_Transmitter_TB -log elaborate.log 
Using 2 slave threads.
Starting static elaboration
Completed static elaboration
Starting simulation data flow analysis
Completed simulation data flow analysis
Time Resolution for simulation is 1ps
Compiling package std.standard
Compiling package std.textio
Compiling package ieee.std_logic_1164
Compiling package ieee.numeric_std
Compiling package ieee.std_logic_textio
Compiling architecture behavioral of entity xil_defaultlib.file_read [\file_read(file_name="rx_bin.txt...]
Compiling architecture behavioral of entity xil_defaultlib.AGC [agc_default]
Compiling architecture behavioral of entity xil_defaultlib.qam_transmitter_tb
Built simulation snapshot QAM_Transmitter_TB_behav
INFO: [USF-XSim-69] 'elaborate' step finished in '1' seconds
INFO: [USF-XSim-4] XSim::Simulate design
INFO: [USF-XSim-61] Executing 'SIMULATE' step in 'C:/Users/Mark/Desktop/review/VHDL/QAM_Receiver/QAM_Receiver.sim/sim_1/behav/xsim'
INFO: [USF-XSim-98] *** Running xsim
   with args "QAM_Transmitter_TB_behav -key {Behavioral:sim_1:Functional:QAM_Transmitter_TB} -tclbatch {QAM_Transmitter_TB.tcl} -log {simulate.log}"
INFO: [USF-XSim-8] Loading simulator feature
Time resolution is 1 ps
source QAM_Transmitter_TB.tcl
# set curr_wave [current_wave_config]
# if { [string length $curr_wave] == 0 } {
#   if { [llength [get_objects]] > 0} {
#     add_wave /
#     set_property needs_save false [current_wave_config]
#   } else {
#      send_msg_id Add_Wave-1 WARNING "No top level signals found. Simulator will start without a wave window. If you want to open a wave window go to 'File->New Waveform Configuration' or type 'create_wave_config' in the TCL console."
#   }
# }
# run 6500ns
INFO: [USF-XSim-96] XSim completed. Design snapshot 'QAM_Transmitter_TB_behav' loaded.
INFO: [USF-XSim-97] XSim simulation ran for 6500ns
launch_simulation: Time (s): cpu = 00:00:02 ; elapsed = 00:00:05 . Memory (MB): peak = 1253.461 ; gain = 0.000
close_sim
INFO: [Simtcl 6-16] Simulation closed
launch_simulation
Command: launch_simulation 
INFO: [Vivado 12-12493] Simulation top is 'QAM_Transmitter_TB'
WARNING: [Vivado 12-12986] Compiled library path does not exist: ''
INFO: [Vivado 12-5682] Launching behavioral simulation in 'C:/Users/Mark/Desktop/review/VHDL/QAM_Receiver/QAM_Receiver.sim/sim_1/behav/xsim'
INFO: [SIM-utils-51] Simulation object is 'sim_1'
INFO: [SIM-utils-72] Using boost library from 'G:/Vivado/2021.2/tps/boost_1_72_0'
INFO: [SIM-utils-54] Inspecting design source files for 'QAM_Transmitter_TB' in fileset 'sim_1'...
INFO: [USF-XSim-97] Finding global include files...
INFO: [USF-XSim-98] Fetching design files from 'sim_1'...
INFO: [USF-XSim-2] XSim::Compile design
INFO: [USF-XSim-61] Executing 'COMPILE and ANALYZE' step in 'C:/Users/Mark/Desktop/review/VHDL/QAM_Receiver/QAM_Receiver.sim/sim_1/behav/xsim'
"xvhdl --incr --relax -prj QAM_Transmitter_TB_vhdl.prj"
INFO: [VRFC 10-163] Analyzing VHDL file "C:/Users/Mark/Desktop/review/VHDL/QAM_Receiver/QAM_Receiver.srcs/sources_1/new/AGC_module.vhd" into library xil_defaultlib
INFO: [VRFC 10-3107] analyzing entity 'AGC'
INFO: [VRFC 10-163] Analyzing VHDL file "C:/Users/Mark/Desktop/review/VHDL/QAM_Receiver/QAM_Receiver.srcs/sim_1/new/QAM_Transmitter_TB.vhd" into library xil_defaultlib
INFO: [VRFC 10-3107] analyzing entity 'QAM_Transmitter_TB'
ERROR: [VRFC 10-719] formal port/generic <test_signal_active_input> is not declared in <agc> [C:/Users/Mark/Desktop/review/VHDL/QAM_Receiver/QAM_Receiver.srcs/sim_1/new/QAM_Transmitter_TB.vhd:62]
ERROR: [VRFC 10-3782] unit 'behavioral' ignored due to previous errors [C:/Users/Mark/Desktop/review/VHDL/QAM_Receiver/QAM_Receiver.srcs/sim_1/new/QAM_Transmitter_TB.vhd:31]
INFO: [VRFC 10-3070] VHDL file 'C:/Users/Mark/Desktop/review/VHDL/QAM_Receiver/QAM_Receiver.srcs/sim_1/new/QAM_Transmitter_TB.vhd' ignored due to errors
INFO: [USF-XSim-69] 'compile' step finished in '1' seconds
INFO: [USF-XSim-99] Step results log file:'C:/Users/Mark/Desktop/review/VHDL/QAM_Receiver/QAM_Receiver.sim/sim_1/behav/xsim/xvhdl.log'
ERROR: [USF-XSim-62] 'compile' step failed with error(s). Please check the Tcl console output or 'C:/Users/Mark/Desktop/review/VHDL/QAM_Receiver/QAM_Receiver.sim/sim_1/behav/xsim/xvhdl.log' file for more information.
ERROR: [Vivado 12-4473] Detected error while running simulation. Please correct the issue and retry this operation.
ERROR: [Common 17-39] 'launch_simulation' failed due to earlier errors.
launch_simulation
Command: launch_simulation 
INFO: [Vivado 12-12493] Simulation top is 'QAM_Transmitter_TB'
WARNING: [Vivado 12-12986] Compiled library path does not exist: ''
INFO: [Vivado 12-5682] Launching behavioral simulation in 'C:/Users/Mark/Desktop/review/VHDL/QAM_Receiver/QAM_Receiver.sim/sim_1/behav/xsim'
INFO: [SIM-utils-51] Simulation object is 'sim_1'
INFO: [SIM-utils-72] Using boost library from 'G:/Vivado/2021.2/tps/boost_1_72_0'
INFO: [SIM-utils-54] Inspecting design source files for 'QAM_Transmitter_TB' in fileset 'sim_1'...
INFO: [USF-XSim-97] Finding global include files...
INFO: [USF-XSim-98] Fetching design files from 'sim_1'...
INFO: [USF-XSim-2] XSim::Compile design
INFO: [USF-XSim-61] Executing 'COMPILE and ANALYZE' step in 'C:/Users/Mark/Desktop/review/VHDL/QAM_Receiver/QAM_Receiver.sim/sim_1/behav/xsim'
"xvhdl --incr --relax -prj QAM_Transmitter_TB_vhdl.prj"
INFO: [VRFC 10-163] Analyzing VHDL file "C:/Users/Mark/Desktop/review/VHDL/QAM_Receiver/QAM_Receiver.srcs/sources_1/new/AGC_module.vhd" into library xil_defaultlib
INFO: [VRFC 10-3107] analyzing entity 'AGC'
INFO: [VRFC 10-163] Analyzing VHDL file "C:/Users/Mark/Desktop/review/VHDL/QAM_Receiver/QAM_Receiver.srcs/sim_1/new/QAM_Transmitter_TB.vhd" into library xil_defaultlib
INFO: [VRFC 10-3107] analyzing entity 'QAM_Transmitter_TB'
INFO: [USF-XSim-69] 'compile' step finished in '2' seconds
INFO: [USF-XSim-3] XSim::Elaborate design
INFO: [USF-XSim-61] Executing 'ELABORATE' step in 'C:/Users/Mark/Desktop/review/VHDL/QAM_Receiver/QAM_Receiver.sim/sim_1/behav/xsim'
"xelab --incr --debug typical --relax --mt 2 -L xil_defaultlib -L secureip --snapshot QAM_Transmitter_TB_behav xil_defaultlib.QAM_Transmitter_TB -log elaborate.log"
Vivado Simulator v2021.2
Copyright 1986-1999, 2001-2021 Xilinx, Inc. All Rights Reserved.
Running: G:/Vivado/2021.2/bin/unwrapped/win64.o/xelab.exe --incr --debug typical --relax --mt 2 -L xil_defaultlib -L secureip --snapshot QAM_Transmitter_TB_behav xil_defaultlib.QAM_Transmitter_TB -log elaborate.log 
Using 2 slave threads.
Starting static elaboration
Completed static elaboration
Starting simulation data flow analysis
Completed simulation data flow analysis
Time Resolution for simulation is 1ps
Compiling package std.standard
Compiling package std.textio
Compiling package ieee.std_logic_1164
Compiling package ieee.numeric_std
Compiling package ieee.std_logic_textio
Compiling architecture behavioral of entity xil_defaultlib.file_read [\file_read(file_name="rx_bin.txt...]
Compiling architecture behavioral of entity xil_defaultlib.AGC [agc_default]
Compiling architecture behavioral of entity xil_defaultlib.qam_transmitter_tb
Built simulation snapshot QAM_Transmitter_TB_behav
INFO: [USF-XSim-69] 'elaborate' step finished in '1' seconds
INFO: [USF-XSim-4] XSim::Simulate design
INFO: [USF-XSim-61] Executing 'SIMULATE' step in 'C:/Users/Mark/Desktop/review/VHDL/QAM_Receiver/QAM_Receiver.sim/sim_1/behav/xsim'
INFO: [USF-XSim-98] *** Running xsim
   with args "QAM_Transmitter_TB_behav -key {Behavioral:sim_1:Functional:QAM_Transmitter_TB} -tclbatch {QAM_Transmitter_TB.tcl} -log {simulate.log}"
INFO: [USF-XSim-8] Loading simulator feature
Time resolution is 1 ps
source QAM_Transmitter_TB.tcl
# set curr_wave [current_wave_config]
# if { [string length $curr_wave] == 0 } {
#   if { [llength [get_objects]] > 0} {
#     add_wave /
#     set_property needs_save false [current_wave_config]
#   } else {
#      send_msg_id Add_Wave-1 WARNING "No top level signals found. Simulator will start without a wave window. If you want to open a wave window go to 'File->New Waveform Configuration' or type 'create_wave_config' in the TCL console."
#   }
# }
# run 6500ns
INFO: [USF-XSim-96] XSim completed. Design snapshot 'QAM_Transmitter_TB_behav' loaded.
INFO: [USF-XSim-97] XSim simulation ran for 6500ns
remove_forces { {/QAM_Transmitter_TB/test_signal_Active_input} }
step
Stopped at time : 6501 ns : File "C:/Users/Mark/Desktop/review/VHDL/QAM_Receiver/QAM_Receiver.srcs/sources_1/new/file_read.vhd" Line 46
close_sim
INFO: [Simtcl 6-16] Simulation closed
launch_simulation
Command: launch_simulation 
INFO: [Vivado 12-12493] Simulation top is 'QAM_Transmitter_TB'
WARNING: [Vivado 12-12986] Compiled library path does not exist: ''
INFO: [Vivado 12-5682] Launching behavioral simulation in 'C:/Users/Mark/Desktop/review/VHDL/QAM_Receiver/QAM_Receiver.sim/sim_1/behav/xsim'
INFO: [SIM-utils-51] Simulation object is 'sim_1'
INFO: [SIM-utils-72] Using boost library from 'G:/Vivado/2021.2/tps/boost_1_72_0'
INFO: [SIM-utils-54] Inspecting design source files for 'QAM_Transmitter_TB' in fileset 'sim_1'...
INFO: [USF-XSim-97] Finding global include files...
INFO: [USF-XSim-98] Fetching design files from 'sim_1'...
INFO: [USF-XSim-2] XSim::Compile design
INFO: [USF-XSim-61] Executing 'COMPILE and ANALYZE' step in 'C:/Users/Mark/Desktop/review/VHDL/QAM_Receiver/QAM_Receiver.sim/sim_1/behav/xsim'
"xvhdl --incr --relax -prj QAM_Transmitter_TB_vhdl.prj"
INFO: [VRFC 10-163] Analyzing VHDL file "C:/Users/Mark/Desktop/review/VHDL/QAM_Receiver/QAM_Receiver.srcs/sources_1/new/AGC_module.vhd" into library xil_defaultlib
INFO: [VRFC 10-3107] analyzing entity 'AGC'
INFO: [USF-XSim-69] 'compile' step finished in '2' seconds
INFO: [USF-XSim-3] XSim::Elaborate design
INFO: [USF-XSim-61] Executing 'ELABORATE' step in 'C:/Users/Mark/Desktop/review/VHDL/QAM_Receiver/QAM_Receiver.sim/sim_1/behav/xsim'
"xelab --incr --debug typical --relax --mt 2 -L xil_defaultlib -L secureip --snapshot QAM_Transmitter_TB_behav xil_defaultlib.QAM_Transmitter_TB -log elaborate.log"
Vivado Simulator v2021.2
Copyright 1986-1999, 2001-2021 Xilinx, Inc. All Rights Reserved.
Running: G:/Vivado/2021.2/bin/unwrapped/win64.o/xelab.exe --incr --debug typical --relax --mt 2 -L xil_defaultlib -L secureip --snapshot QAM_Transmitter_TB_behav xil_defaultlib.QAM_Transmitter_TB -log elaborate.log 
Using 2 slave threads.
Starting static elaboration
Completed static elaboration
Starting simulation data flow analysis
Completed simulation data flow analysis
Time Resolution for simulation is 1ps
Compiling package std.standard
Compiling package std.textio
Compiling package ieee.std_logic_1164
Compiling package ieee.numeric_std
Compiling package ieee.std_logic_textio
Compiling architecture behavioral of entity xil_defaultlib.file_read [\file_read(file_name="rx_bin.txt...]
Compiling architecture behavioral of entity xil_defaultlib.AGC [agc_default]
Compiling architecture behavioral of entity xil_defaultlib.qam_transmitter_tb
Built simulation snapshot QAM_Transmitter_TB_behav
INFO: [USF-XSim-69] 'elaborate' step finished in '3' seconds
INFO: [USF-XSim-4] XSim::Simulate design
INFO: [USF-XSim-61] Executing 'SIMULATE' step in 'C:/Users/Mark/Desktop/review/VHDL/QAM_Receiver/QAM_Receiver.sim/sim_1/behav/xsim'
INFO: [USF-XSim-98] *** Running xsim
   with args "QAM_Transmitter_TB_behav -key {Behavioral:sim_1:Functional:QAM_Transmitter_TB} -tclbatch {QAM_Transmitter_TB.tcl} -log {simulate.log}"
INFO: [USF-XSim-8] Loading simulator feature
Time resolution is 1 ps
source QAM_Transmitter_TB.tcl
# set curr_wave [current_wave_config]
# if { [string length $curr_wave] == 0 } {
#   if { [llength [get_objects]] > 0} {
#     add_wave /
#     set_property needs_save false [current_wave_config]
#   } else {
#      send_msg_id Add_Wave-1 WARNING "No top level signals found. Simulator will start without a wave window. If you want to open a wave window go to 'File->New Waveform Configuration' or type 'create_wave_config' in the TCL console."
#   }
# }
# run 6500ns
INFO: [USF-XSim-96] XSim completed. Design snapshot 'QAM_Transmitter_TB_behav' loaded.
INFO: [USF-XSim-97] XSim simulation ran for 6500ns
launch_simulation: Time (s): cpu = 00:00:01 ; elapsed = 00:00:07 . Memory (MB): peak = 1461.375 ; gain = 0.000
close_sim
INFO: [Simtcl 6-16] Simulation closed
launch_simulation
Command: launch_simulation 
INFO: [Vivado 12-12493] Simulation top is 'QAM_Transmitter_TB'
WARNING: [Vivado 12-12986] Compiled library path does not exist: ''
INFO: [Vivado 12-5682] Launching behavioral simulation in 'C:/Users/Mark/Desktop/review/VHDL/QAM_Receiver/QAM_Receiver.sim/sim_1/behav/xsim'
INFO: [SIM-utils-51] Simulation object is 'sim_1'
INFO: [SIM-utils-72] Using boost library from 'G:/Vivado/2021.2/tps/boost_1_72_0'
INFO: [SIM-utils-54] Inspecting design source files for 'QAM_Transmitter_TB' in fileset 'sim_1'...
INFO: [USF-XSim-97] Finding global include files...
INFO: [USF-XSim-98] Fetching design files from 'sim_1'...
INFO: [USF-XSim-2] XSim::Compile design
INFO: [USF-XSim-61] Executing 'COMPILE and ANALYZE' step in 'C:/Users/Mark/Desktop/review/VHDL/QAM_Receiver/QAM_Receiver.sim/sim_1/behav/xsim'
"xvhdl --incr --relax -prj QAM_Transmitter_TB_vhdl.prj"
INFO: [VRFC 10-163] Analyzing VHDL file "C:/Users/Mark/Desktop/review/VHDL/QAM_Receiver/QAM_Receiver.srcs/sources_1/new/AGC_module.vhd" into library xil_defaultlib
INFO: [VRFC 10-3107] analyzing entity 'AGC'
INFO: [USF-XSim-69] 'compile' step finished in '1' seconds
INFO: [USF-XSim-3] XSim::Elaborate design
INFO: [USF-XSim-61] Executing 'ELABORATE' step in 'C:/Users/Mark/Desktop/review/VHDL/QAM_Receiver/QAM_Receiver.sim/sim_1/behav/xsim'
"xelab --incr --debug typical --relax --mt 2 -L xil_defaultlib -L secureip --snapshot QAM_Transmitter_TB_behav xil_defaultlib.QAM_Transmitter_TB -log elaborate.log"
Vivado Simulator v2021.2
Copyright 1986-1999, 2001-2021 Xilinx, Inc. All Rights Reserved.
Running: G:/Vivado/2021.2/bin/unwrapped/win64.o/xelab.exe --incr --debug typical --relax --mt 2 -L xil_defaultlib -L secureip --snapshot QAM_Transmitter_TB_behav xil_defaultlib.QAM_Transmitter_TB -log elaborate.log 
Using 2 slave threads.
Starting static elaboration
Completed static elaboration
Starting simulation data flow analysis
Completed simulation data flow analysis
Time Resolution for simulation is 1ps
Compiling package std.standard
Compiling package std.textio
Compiling package ieee.std_logic_1164
Compiling package ieee.numeric_std
Compiling package ieee.std_logic_textio
Compiling architecture behavioral of entity xil_defaultlib.file_read [\file_read(file_name="rx_bin.txt...]
Compiling architecture behavioral of entity xil_defaultlib.AGC [agc_default]
Compiling architecture behavioral of entity xil_defaultlib.qam_transmitter_tb
Built simulation snapshot QAM_Transmitter_TB_behav
INFO: [USF-XSim-69] 'elaborate' step finished in '1' seconds
INFO: [USF-XSim-4] XSim::Simulate design
INFO: [USF-XSim-61] Executing 'SIMULATE' step in 'C:/Users/Mark/Desktop/review/VHDL/QAM_Receiver/QAM_Receiver.sim/sim_1/behav/xsim'
INFO: [USF-XSim-98] *** Running xsim
   with args "QAM_Transmitter_TB_behav -key {Behavioral:sim_1:Functional:QAM_Transmitter_TB} -tclbatch {QAM_Transmitter_TB.tcl} -log {simulate.log}"
INFO: [USF-XSim-8] Loading simulator feature
Time resolution is 1 ps
source QAM_Transmitter_TB.tcl
# set curr_wave [current_wave_config]
# if { [string length $curr_wave] == 0 } {
#   if { [llength [get_objects]] > 0} {
#     add_wave /
#     set_property needs_save false [current_wave_config]
#   } else {
#      send_msg_id Add_Wave-1 WARNING "No top level signals found. Simulator will start without a wave window. If you want to open a wave window go to 'File->New Waveform Configuration' or type 'create_wave_config' in the TCL console."
#   }
# }
# run 6500ns
INFO: [USF-XSim-96] XSim completed. Design snapshot 'QAM_Transmitter_TB_behav' loaded.
INFO: [USF-XSim-97] XSim simulation ran for 6500ns
launch_simulation: Time (s): cpu = 00:00:01 ; elapsed = 00:00:05 . Memory (MB): peak = 1461.375 ; gain = 0.000
close_sim
INFO: [Simtcl 6-16] Simulation closed
launch_simulation
Command: launch_simulation 
INFO: [Vivado 12-12493] Simulation top is 'QAM_Transmitter_TB'
WARNING: [Vivado 12-12986] Compiled library path does not exist: ''
INFO: [Vivado 12-5682] Launching behavioral simulation in 'C:/Users/Mark/Desktop/review/VHDL/QAM_Receiver/QAM_Receiver.sim/sim_1/behav/xsim'
INFO: [SIM-utils-51] Simulation object is 'sim_1'
INFO: [SIM-utils-72] Using boost library from 'G:/Vivado/2021.2/tps/boost_1_72_0'
INFO: [SIM-utils-54] Inspecting design source files for 'QAM_Transmitter_TB' in fileset 'sim_1'...
INFO: [USF-XSim-97] Finding global include files...
INFO: [USF-XSim-98] Fetching design files from 'sim_1'...
INFO: [USF-XSim-2] XSim::Compile design
INFO: [USF-XSim-61] Executing 'COMPILE and ANALYZE' step in 'C:/Users/Mark/Desktop/review/VHDL/QAM_Receiver/QAM_Receiver.sim/sim_1/behav/xsim'
"xvhdl --incr --relax -prj QAM_Transmitter_TB_vhdl.prj"
INFO: [VRFC 10-163] Analyzing VHDL file "C:/Users/Mark/Desktop/review/VHDL/QAM_Receiver/QAM_Receiver.srcs/sources_1/new/AGC_module.vhd" into library xil_defaultlib
INFO: [VRFC 10-3107] analyzing entity 'AGC'
INFO: [USF-XSim-69] 'compile' step finished in '2' seconds
INFO: [USF-XSim-3] XSim::Elaborate design
INFO: [USF-XSim-61] Executing 'ELABORATE' step in 'C:/Users/Mark/Desktop/review/VHDL/QAM_Receiver/QAM_Receiver.sim/sim_1/behav/xsim'
"xelab --incr --debug typical --relax --mt 2 -L xil_defaultlib -L secureip --snapshot QAM_Transmitter_TB_behav xil_defaultlib.QAM_Transmitter_TB -log elaborate.log"
Vivado Simulator v2021.2
Copyright 1986-1999, 2001-2021 Xilinx, Inc. All Rights Reserved.
Running: G:/Vivado/2021.2/bin/unwrapped/win64.o/xelab.exe --incr --debug typical --relax --mt 2 -L xil_defaultlib -L secureip --snapshot QAM_Transmitter_TB_behav xil_defaultlib.QAM_Transmitter_TB -log elaborate.log 
Using 2 slave threads.
Starting static elaboration
Completed static elaboration
Starting simulation data flow analysis
Completed simulation data flow analysis
Time Resolution for simulation is 1ps
Compiling package std.standard
Compiling package std.textio
Compiling package ieee.std_logic_1164
Compiling package ieee.numeric_std
Compiling package ieee.std_logic_textio
Compiling architecture behavioral of entity xil_defaultlib.file_read [\file_read(file_name="rx_bin.txt...]
Compiling architecture behavioral of entity xil_defaultlib.AGC [agc_default]
Compiling architecture behavioral of entity xil_defaultlib.qam_transmitter_tb
Built simulation snapshot QAM_Transmitter_TB_behav
INFO: [USF-XSim-69] 'elaborate' step finished in '1' seconds
INFO: [USF-XSim-4] XSim::Simulate design
INFO: [USF-XSim-61] Executing 'SIMULATE' step in 'C:/Users/Mark/Desktop/review/VHDL/QAM_Receiver/QAM_Receiver.sim/sim_1/behav/xsim'
INFO: [USF-XSim-98] *** Running xsim
   with args "QAM_Transmitter_TB_behav -key {Behavioral:sim_1:Functional:QAM_Transmitter_TB} -tclbatch {QAM_Transmitter_TB.tcl} -log {simulate.log}"
INFO: [USF-XSim-8] Loading simulator feature
Time resolution is 1 ps
source QAM_Transmitter_TB.tcl
# set curr_wave [current_wave_config]
# if { [string length $curr_wave] == 0 } {
#   if { [llength [get_objects]] > 0} {
#     add_wave /
#     set_property needs_save false [current_wave_config]
#   } else {
#      send_msg_id Add_Wave-1 WARNING "No top level signals found. Simulator will start without a wave window. If you want to open a wave window go to 'File->New Waveform Configuration' or type 'create_wave_config' in the TCL console."
#   }
# }
# run 6500ns
INFO: [USF-XSim-96] XSim completed. Design snapshot 'QAM_Transmitter_TB_behav' loaded.
INFO: [USF-XSim-97] XSim simulation ran for 6500ns
launch_simulation: Time (s): cpu = 00:00:01 ; elapsed = 00:00:06 . Memory (MB): peak = 1461.375 ; gain = 0.000
save_wave_config {C:/Users/Mark/Desktop/review/VHDL/QAM_Receiver/QAM_Transmitter_TB_behav.wcfg}
add_files -fileset sim_1 -norecurse C:/Users/Mark/Desktop/review/VHDL/QAM_Receiver/QAM_Transmitter_TB_behav.wcfg
set_property xsim.view {C:/Users/Mark/Desktop/review/VHDL/QAM_Receiver/QAM_Transmitter_TB_behav.wcfg C:/Users/Mark/Desktop/review/VHDL/QAM_Receiver/QAM_Transmitter_TB_behav.wcfg} [get_filesets sim_1]
close_sim
INFO: [Simtcl 6-16] Simulation closed
launch_simulation
Command: launch_simulation 
INFO: [Vivado 12-12493] Simulation top is 'QAM_Transmitter_TB'
WARNING: [Vivado 12-12986] Compiled library path does not exist: ''
INFO: [Vivado 12-5682] Launching behavioral simulation in 'C:/Users/Mark/Desktop/review/VHDL/QAM_Receiver/QAM_Receiver.sim/sim_1/behav/xsim'
INFO: [SIM-utils-51] Simulation object is 'sim_1'
INFO: [SIM-utils-72] Using boost library from 'G:/Vivado/2021.2/tps/boost_1_72_0'
INFO: [SIM-utils-54] Inspecting design source files for 'QAM_Transmitter_TB' in fileset 'sim_1'...
INFO: [USF-XSim-97] Finding global include files...
INFO: [USF-XSim-98] Fetching design files from 'sim_1'...
INFO: [USF-XSim-2] XSim::Compile design
INFO: [USF-XSim-61] Executing 'COMPILE and ANALYZE' step in 'C:/Users/Mark/Desktop/review/VHDL/QAM_Receiver/QAM_Receiver.sim/sim_1/behav/xsim'
"xvhdl --incr --relax -prj QAM_Transmitter_TB_vhdl.prj"
INFO: [VRFC 10-163] Analyzing VHDL file "C:/Users/Mark/Desktop/review/VHDL/QAM_Receiver/QAM_Receiver.srcs/sources_1/new/AGC_module.vhd" into library xil_defaultlib
INFO: [VRFC 10-3107] analyzing entity 'AGC'
INFO: [USF-XSim-69] 'compile' step finished in '2' seconds
INFO: [USF-XSim-3] XSim::Elaborate design
INFO: [USF-XSim-61] Executing 'ELABORATE' step in 'C:/Users/Mark/Desktop/review/VHDL/QAM_Receiver/QAM_Receiver.sim/sim_1/behav/xsim'
"xelab --incr --debug typical --relax --mt 2 -L xil_defaultlib -L secureip --snapshot QAM_Transmitter_TB_behav xil_defaultlib.QAM_Transmitter_TB -log elaborate.log"
Vivado Simulator v2021.2
Copyright 1986-1999, 2001-2021 Xilinx, Inc. All Rights Reserved.
Running: G:/Vivado/2021.2/bin/unwrapped/win64.o/xelab.exe --incr --debug typical --relax --mt 2 -L xil_defaultlib -L secureip --snapshot QAM_Transmitter_TB_behav xil_defaultlib.QAM_Transmitter_TB -log elaborate.log 
Using 2 slave threads.
Starting static elaboration
Completed static elaboration
Starting simulation data flow analysis
Completed simulation data flow analysis
Time Resolution for simulation is 1ps
Compiling package std.standard
Compiling package std.textio
Compiling package ieee.std_logic_1164
Compiling package ieee.numeric_std
Compiling package ieee.std_logic_textio
Compiling architecture behavioral of entity xil_defaultlib.file_read [\file_read(file_name="rx_bin.txt...]
Compiling architecture behavioral of entity xil_defaultlib.AGC [agc_default]
Compiling architecture behavioral of entity xil_defaultlib.qam_transmitter_tb
Built simulation snapshot QAM_Transmitter_TB_behav
INFO: [USF-XSim-69] 'elaborate' step finished in '1' seconds
INFO: [USF-XSim-4] XSim::Simulate design
INFO: [USF-XSim-61] Executing 'SIMULATE' step in 'C:/Users/Mark/Desktop/review/VHDL/QAM_Receiver/QAM_Receiver.sim/sim_1/behav/xsim'
INFO: [USF-XSim-98] *** Running xsim
   with args "QAM_Transmitter_TB_behav -key {Behavioral:sim_1:Functional:QAM_Transmitter_TB} -tclbatch {QAM_Transmitter_TB.tcl} -view {C:/Users/Mark/Desktop/review/VHDL/QAM_Receiver/QAM_Transmitter_TB_behav.wcfg} -log {simulate.log}"
INFO: [USF-XSim-8] Loading simulator feature
Time resolution is 1 ps
open_wave_config C:/Users/Mark/Desktop/review/VHDL/QAM_Receiver/QAM_Transmitter_TB_behav.wcfg
source QAM_Transmitter_TB.tcl
# set curr_wave [current_wave_config]
# if { [string length $curr_wave] == 0 } {
#   if { [llength [get_objects]] > 0} {
#     add_wave /
#     set_property needs_save false [current_wave_config]
#   } else {
#      send_msg_id Add_Wave-1 WARNING "No top level signals found. Simulator will start without a wave window. If you want to open a wave window go to 'File->New Waveform Configuration' or type 'create_wave_config' in the TCL console."
#   }
# }
# run 6500ns
INFO: [USF-XSim-96] XSim completed. Design snapshot 'QAM_Transmitter_TB_behav' loaded.
INFO: [USF-XSim-97] XSim simulation ran for 6500ns
close_sim
INFO: [Simtcl 6-16] Simulation closed
launch_simulation
Command: launch_simulation 
INFO: [Vivado 12-12493] Simulation top is 'QAM_Transmitter_TB'
WARNING: [Vivado 12-12986] Compiled library path does not exist: ''
INFO: [Vivado 12-5682] Launching behavioral simulation in 'C:/Users/Mark/Desktop/review/VHDL/QAM_Receiver/QAM_Receiver.sim/sim_1/behav/xsim'
INFO: [SIM-utils-51] Simulation object is 'sim_1'
INFO: [SIM-utils-72] Using boost library from 'G:/Vivado/2021.2/tps/boost_1_72_0'
INFO: [SIM-utils-54] Inspecting design source files for 'QAM_Transmitter_TB' in fileset 'sim_1'...
INFO: [USF-XSim-97] Finding global include files...
INFO: [USF-XSim-98] Fetching design files from 'sim_1'...
INFO: [USF-XSim-2] XSim::Compile design
INFO: [USF-XSim-61] Executing 'COMPILE and ANALYZE' step in 'C:/Users/Mark/Desktop/review/VHDL/QAM_Receiver/QAM_Receiver.sim/sim_1/behav/xsim'
"xvhdl --incr --relax -prj QAM_Transmitter_TB_vhdl.prj"
INFO: [VRFC 10-163] Analyzing VHDL file "C:/Users/Mark/Desktop/review/VHDL/QAM_Receiver/QAM_Receiver.srcs/sources_1/new/AGC_module.vhd" into library xil_defaultlib
INFO: [VRFC 10-3107] analyzing entity 'AGC'
INFO: [USF-XSim-69] 'compile' step finished in '1' seconds
INFO: [USF-XSim-3] XSim::Elaborate design
INFO: [USF-XSim-61] Executing 'ELABORATE' step in 'C:/Users/Mark/Desktop/review/VHDL/QAM_Receiver/QAM_Receiver.sim/sim_1/behav/xsim'
"xelab --incr --debug typical --relax --mt 2 -L xil_defaultlib -L secureip --snapshot QAM_Transmitter_TB_behav xil_defaultlib.QAM_Transmitter_TB -log elaborate.log"
Vivado Simulator v2021.2
Copyright 1986-1999, 2001-2021 Xilinx, Inc. All Rights Reserved.
Running: G:/Vivado/2021.2/bin/unwrapped/win64.o/xelab.exe --incr --debug typical --relax --mt 2 -L xil_defaultlib -L secureip --snapshot QAM_Transmitter_TB_behav xil_defaultlib.QAM_Transmitter_TB -log elaborate.log 
Using 2 slave threads.
Starting static elaboration
Completed static elaboration
Starting simulation data flow analysis
Completed simulation data flow analysis
Time Resolution for simulation is 1ps
Compiling package std.standard
Compiling package std.textio
Compiling package ieee.std_logic_1164
Compiling package ieee.numeric_std
Compiling package ieee.std_logic_textio
Compiling architecture behavioral of entity xil_defaultlib.file_read [\file_read(file_name="rx_bin.txt...]
Compiling architecture behavioral of entity xil_defaultlib.AGC [agc_default]
Compiling architecture behavioral of entity xil_defaultlib.qam_transmitter_tb
Built simulation snapshot QAM_Transmitter_TB_behav
INFO: [USF-XSim-69] 'elaborate' step finished in '2' seconds
INFO: [USF-XSim-4] XSim::Simulate design
INFO: [USF-XSim-61] Executing 'SIMULATE' step in 'C:/Users/Mark/Desktop/review/VHDL/QAM_Receiver/QAM_Receiver.sim/sim_1/behav/xsim'
INFO: [USF-XSim-98] *** Running xsim
   with args "QAM_Transmitter_TB_behav -key {Behavioral:sim_1:Functional:QAM_Transmitter_TB} -tclbatch {QAM_Transmitter_TB.tcl} -view {C:/Users/Mark/Desktop/review/VHDL/QAM_Receiver/QAM_Transmitter_TB_behav.wcfg} -log {simulate.log}"
INFO: [USF-XSim-8] Loading simulator feature
Time resolution is 1 ps
open_wave_config C:/Users/Mark/Desktop/review/VHDL/QAM_Receiver/QAM_Transmitter_TB_behav.wcfg
source QAM_Transmitter_TB.tcl
# set curr_wave [current_wave_config]
# if { [string length $curr_wave] == 0 } {
#   if { [llength [get_objects]] > 0} {
#     add_wave /
#     set_property needs_save false [current_wave_config]
#   } else {
#      send_msg_id Add_Wave-1 WARNING "No top level signals found. Simulator will start without a wave window. If you want to open a wave window go to 'File->New Waveform Configuration' or type 'create_wave_config' in the TCL console."
#   }
# }
# run 6500ns
INFO: [USF-XSim-96] XSim completed. Design snapshot 'QAM_Transmitter_TB_behav' loaded.
INFO: [USF-XSim-97] XSim simulation ran for 6500ns
launch_simulation: Time (s): cpu = 00:00:01 ; elapsed = 00:00:06 . Memory (MB): peak = 1461.375 ; gain = 0.000
close_sim
INFO: [Simtcl 6-16] Simulation closed
launch_simulation
Command: launch_simulation 
INFO: [Vivado 12-12493] Simulation top is 'QAM_Transmitter_TB'
WARNING: [Vivado 12-12986] Compiled library path does not exist: ''
INFO: [Vivado 12-5682] Launching behavioral simulation in 'C:/Users/Mark/Desktop/review/VHDL/QAM_Receiver/QAM_Receiver.sim/sim_1/behav/xsim'
INFO: [SIM-utils-51] Simulation object is 'sim_1'
INFO: [SIM-utils-72] Using boost library from 'G:/Vivado/2021.2/tps/boost_1_72_0'
INFO: [SIM-utils-54] Inspecting design source files for 'QAM_Transmitter_TB' in fileset 'sim_1'...
INFO: [USF-XSim-97] Finding global include files...
INFO: [USF-XSim-98] Fetching design files from 'sim_1'...
INFO: [USF-XSim-2] XSim::Compile design
INFO: [USF-XSim-61] Executing 'COMPILE and ANALYZE' step in 'C:/Users/Mark/Desktop/review/VHDL/QAM_Receiver/QAM_Receiver.sim/sim_1/behav/xsim'
"xvhdl --incr --relax -prj QAM_Transmitter_TB_vhdl.prj"
INFO: [VRFC 10-163] Analyzing VHDL file "C:/Users/Mark/Desktop/review/VHDL/QAM_Receiver/QAM_Receiver.srcs/sources_1/new/AGC_module.vhd" into library xil_defaultlib
INFO: [VRFC 10-3107] analyzing entity 'AGC'
INFO: [USF-XSim-69] 'compile' step finished in '1' seconds
INFO: [USF-XSim-3] XSim::Elaborate design
INFO: [USF-XSim-61] Executing 'ELABORATE' step in 'C:/Users/Mark/Desktop/review/VHDL/QAM_Receiver/QAM_Receiver.sim/sim_1/behav/xsim'
"xelab --incr --debug typical --relax --mt 2 -L xil_defaultlib -L secureip --snapshot QAM_Transmitter_TB_behav xil_defaultlib.QAM_Transmitter_TB -log elaborate.log"
Vivado Simulator v2021.2
Copyright 1986-1999, 2001-2021 Xilinx, Inc. All Rights Reserved.
Running: G:/Vivado/2021.2/bin/unwrapped/win64.o/xelab.exe --incr --debug typical --relax --mt 2 -L xil_defaultlib -L secureip --snapshot QAM_Transmitter_TB_behav xil_defaultlib.QAM_Transmitter_TB -log elaborate.log 
Using 2 slave threads.
Starting static elaboration
WARNING: [VRFC 10-975] left bound value <6> of slice is out of range [3:0] of array <f_regs> [C:/Users/Mark/Desktop/review/VHDL/QAM_Receiver/QAM_Receiver.srcs/sources_1/new/AGC_module.vhd:72]
ERROR: [VRFC 10-664] expression has 8 elements ; expected 4 [C:/Users/Mark/Desktop/review/VHDL/QAM_Receiver/QAM_Receiver.srcs/sources_1/new/AGC_module.vhd:72]
ERROR: [XSIM 43-3321] Static elaboration of top level VHDL design unit qam_transmitter_tb in library work failed.
INFO: [USF-XSim-69] 'elaborate' step finished in '1' seconds
INFO: [USF-XSim-99] Step results log file:'C:/Users/Mark/Desktop/review/VHDL/QAM_Receiver/QAM_Receiver.sim/sim_1/behav/xsim/elaborate.log'
ERROR: [USF-XSim-62] 'elaborate' step failed with error(s). Please check the Tcl console output or 'C:/Users/Mark/Desktop/review/VHDL/QAM_Receiver/QAM_Receiver.sim/sim_1/behav/xsim/elaborate.log' file for more information.
ERROR: [Vivado 12-4473] Detected error while running simulation. Please correct the issue and retry this operation.
ERROR: [Common 17-39] 'launch_simulation' failed due to earlier errors.
launch_simulation
Command: launch_simulation 
INFO: [Vivado 12-12493] Simulation top is 'QAM_Transmitter_TB'
WARNING: [Vivado 12-12986] Compiled library path does not exist: ''
INFO: [Vivado 12-5682] Launching behavioral simulation in 'C:/Users/Mark/Desktop/review/VHDL/QAM_Receiver/QAM_Receiver.sim/sim_1/behav/xsim'
INFO: [SIM-utils-51] Simulation object is 'sim_1'
INFO: [SIM-utils-72] Using boost library from 'G:/Vivado/2021.2/tps/boost_1_72_0'
INFO: [SIM-utils-54] Inspecting design source files for 'QAM_Transmitter_TB' in fileset 'sim_1'...
INFO: [USF-XSim-97] Finding global include files...
INFO: [USF-XSim-98] Fetching design files from 'sim_1'...
INFO: [USF-XSim-2] XSim::Compile design
INFO: [USF-XSim-61] Executing 'COMPILE and ANALYZE' step in 'C:/Users/Mark/Desktop/review/VHDL/QAM_Receiver/QAM_Receiver.sim/sim_1/behav/xsim'
"xvhdl --incr --relax -prj QAM_Transmitter_TB_vhdl.prj"
INFO: [VRFC 10-163] Analyzing VHDL file "C:/Users/Mark/Desktop/review/VHDL/QAM_Receiver/QAM_Receiver.srcs/sources_1/new/AGC_module.vhd" into library xil_defaultlib
INFO: [VRFC 10-3107] analyzing entity 'AGC'
INFO: [USF-XSim-69] 'compile' step finished in '1' seconds
INFO: [USF-XSim-3] XSim::Elaborate design
INFO: [USF-XSim-61] Executing 'ELABORATE' step in 'C:/Users/Mark/Desktop/review/VHDL/QAM_Receiver/QAM_Receiver.sim/sim_1/behav/xsim'
"xelab --incr --debug typical --relax --mt 2 -L xil_defaultlib -L secureip --snapshot QAM_Transmitter_TB_behav xil_defaultlib.QAM_Transmitter_TB -log elaborate.log"
Vivado Simulator v2021.2
Copyright 1986-1999, 2001-2021 Xilinx, Inc. All Rights Reserved.
Running: G:/Vivado/2021.2/bin/unwrapped/win64.o/xelab.exe --incr --debug typical --relax --mt 2 -L xil_defaultlib -L secureip --snapshot QAM_Transmitter_TB_behav xil_defaultlib.QAM_Transmitter_TB -log elaborate.log 
Using 2 slave threads.
Starting static elaboration
WARNING: [VRFC 10-975] left bound value <5> of slice is out of range [3:0] of array <f_regs> [C:/Users/Mark/Desktop/review/VHDL/QAM_Receiver/QAM_Receiver.srcs/sources_1/new/AGC_module.vhd:72]
ERROR: [VRFC 10-664] expression has 7 elements ; expected 4 [C:/Users/Mark/Desktop/review/VHDL/QAM_Receiver/QAM_Receiver.srcs/sources_1/new/AGC_module.vhd:72]
ERROR: [XSIM 43-3321] Static elaboration of top level VHDL design unit qam_transmitter_tb in library work failed.
INFO: [USF-XSim-69] 'elaborate' step finished in '1' seconds
INFO: [USF-XSim-99] Step results log file:'C:/Users/Mark/Desktop/review/VHDL/QAM_Receiver/QAM_Receiver.sim/sim_1/behav/xsim/elaborate.log'
ERROR: [USF-XSim-62] 'elaborate' step failed with error(s). Please check the Tcl console output or 'C:/Users/Mark/Desktop/review/VHDL/QAM_Receiver/QAM_Receiver.sim/sim_1/behav/xsim/elaborate.log' file for more information.
ERROR: [Vivado 12-4473] Detected error while running simulation. Please correct the issue and retry this operation.
ERROR: [Common 17-39] 'launch_simulation' failed due to earlier errors.
launch_simulation
Command: launch_simulation 
INFO: [Vivado 12-12493] Simulation top is 'QAM_Transmitter_TB'
WARNING: [Vivado 12-12986] Compiled library path does not exist: ''
INFO: [Vivado 12-5682] Launching behavioral simulation in 'C:/Users/Mark/Desktop/review/VHDL/QAM_Receiver/QAM_Receiver.sim/sim_1/behav/xsim'
INFO: [SIM-utils-51] Simulation object is 'sim_1'
INFO: [SIM-utils-72] Using boost library from 'G:/Vivado/2021.2/tps/boost_1_72_0'
INFO: [SIM-utils-54] Inspecting design source files for 'QAM_Transmitter_TB' in fileset 'sim_1'...
INFO: [USF-XSim-97] Finding global include files...
INFO: [USF-XSim-98] Fetching design files from 'sim_1'...
INFO: [USF-XSim-2] XSim::Compile design
INFO: [USF-XSim-61] Executing 'COMPILE and ANALYZE' step in 'C:/Users/Mark/Desktop/review/VHDL/QAM_Receiver/QAM_Receiver.sim/sim_1/behav/xsim'
"xvhdl --incr --relax -prj QAM_Transmitter_TB_vhdl.prj"
INFO: [VRFC 10-163] Analyzing VHDL file "C:/Users/Mark/Desktop/review/VHDL/QAM_Receiver/QAM_Receiver.srcs/sources_1/new/AGC_module.vhd" into library xil_defaultlib
INFO: [VRFC 10-3107] analyzing entity 'AGC'
INFO: [USF-XSim-69] 'compile' step finished in '1' seconds
INFO: [USF-XSim-3] XSim::Elaborate design
INFO: [USF-XSim-61] Executing 'ELABORATE' step in 'C:/Users/Mark/Desktop/review/VHDL/QAM_Receiver/QAM_Receiver.sim/sim_1/behav/xsim'
"xelab --incr --debug typical --relax --mt 2 -L xil_defaultlib -L secureip --snapshot QAM_Transmitter_TB_behav xil_defaultlib.QAM_Transmitter_TB -log elaborate.log"
Vivado Simulator v2021.2
Copyright 1986-1999, 2001-2021 Xilinx, Inc. All Rights Reserved.
Running: G:/Vivado/2021.2/bin/unwrapped/win64.o/xelab.exe --incr --debug typical --relax --mt 2 -L xil_defaultlib -L secureip --snapshot QAM_Transmitter_TB_behav xil_defaultlib.QAM_Transmitter_TB -log elaborate.log 
Using 2 slave threads.
Starting static elaboration
WARNING: [VRFC 10-923] index value <7> is out of range [3:0] of array <f_regs> [C:/Users/Mark/Desktop/review/VHDL/QAM_Receiver/QAM_Receiver.srcs/sources_1/new/AGC_module.vhd:73]
Completed static elaboration
Starting simulation data flow analysis
Completed simulation data flow analysis
Time Resolution for simulation is 1ps
Compiling package std.standard
Compiling package std.textio
Compiling package ieee.std_logic_1164
Compiling package ieee.numeric_std
Compiling package ieee.std_logic_textio
Compiling architecture behavioral of entity xil_defaultlib.file_read [\file_read(file_name="rx_bin.txt...]
Compiling architecture behavioral of entity xil_defaultlib.AGC [agc_default]
Compiling architecture behavioral of entity xil_defaultlib.qam_transmitter_tb
Built simulation snapshot QAM_Transmitter_TB_behav
INFO: [USF-XSim-69] 'elaborate' step finished in '2' seconds
INFO: [USF-XSim-4] XSim::Simulate design
INFO: [USF-XSim-61] Executing 'SIMULATE' step in 'C:/Users/Mark/Desktop/review/VHDL/QAM_Receiver/QAM_Receiver.sim/sim_1/behav/xsim'
INFO: [USF-XSim-98] *** Running xsim
   with args "QAM_Transmitter_TB_behav -key {Behavioral:sim_1:Functional:QAM_Transmitter_TB} -tclbatch {QAM_Transmitter_TB.tcl} -view {C:/Users/Mark/Desktop/review/VHDL/QAM_Receiver/QAM_Transmitter_TB_behav.wcfg} -log {simulate.log}"
INFO: [USF-XSim-8] Loading simulator feature
Time resolution is 1 ps
open_wave_config C:/Users/Mark/Desktop/review/VHDL/QAM_Receiver/QAM_Transmitter_TB_behav.wcfg
source QAM_Transmitter_TB.tcl
# set curr_wave [current_wave_config]
# if { [string length $curr_wave] == 0 } {
#   if { [llength [get_objects]] > 0} {
#     add_wave /
#     set_property needs_save false [current_wave_config]
#   } else {
#      send_msg_id Add_Wave-1 WARNING "No top level signals found. Simulator will start without a wave window. If you want to open a wave window go to 'File->New Waveform Configuration' or type 'create_wave_config' in the TCL console."
#   }
# }
# run 6500ns
INFO: [USF-XSim-96] XSim completed. Design snapshot 'QAM_Transmitter_TB_behav' loaded.
INFO: [USF-XSim-97] XSim simulation ran for 6500ns
launch_simulation: Time (s): cpu = 00:00:02 ; elapsed = 00:00:06 . Memory (MB): peak = 1461.375 ; gain = 0.000
save_wave_config {C:/Users/Mark/Desktop/review/VHDL/QAM_Receiver/QAM_Transmitter_TB_behav.wcfg}
close_sim
INFO: [Simtcl 6-16] Simulation closed
launch_simulation
Command: launch_simulation 
INFO: [Vivado 12-12493] Simulation top is 'QAM_Transmitter_TB'
WARNING: [Vivado 12-12986] Compiled library path does not exist: ''
INFO: [Vivado 12-5682] Launching behavioral simulation in 'C:/Users/Mark/Desktop/review/VHDL/QAM_Receiver/QAM_Receiver.sim/sim_1/behav/xsim'
INFO: [SIM-utils-51] Simulation object is 'sim_1'
INFO: [SIM-utils-72] Using boost library from 'G:/Vivado/2021.2/tps/boost_1_72_0'
INFO: [SIM-utils-54] Inspecting design source files for 'QAM_Transmitter_TB' in fileset 'sim_1'...
INFO: [USF-XSim-97] Finding global include files...
INFO: [USF-XSim-98] Fetching design files from 'sim_1'...
INFO: [USF-XSim-2] XSim::Compile design
INFO: [USF-XSim-61] Executing 'COMPILE and ANALYZE' step in 'C:/Users/Mark/Desktop/review/VHDL/QAM_Receiver/QAM_Receiver.sim/sim_1/behav/xsim'
"xvhdl --incr --relax -prj QAM_Transmitter_TB_vhdl.prj"
INFO: [VRFC 10-163] Analyzing VHDL file "C:/Users/Mark/Desktop/review/VHDL/QAM_Receiver/QAM_Receiver.srcs/sources_1/new/AGC_module.vhd" into library xil_defaultlib
INFO: [VRFC 10-3107] analyzing entity 'AGC'
INFO: [USF-XSim-69] 'compile' step finished in '1' seconds
INFO: [USF-XSim-3] XSim::Elaborate design
INFO: [USF-XSim-61] Executing 'ELABORATE' step in 'C:/Users/Mark/Desktop/review/VHDL/QAM_Receiver/QAM_Receiver.sim/sim_1/behav/xsim'
"xelab --incr --debug typical --relax --mt 2 -L xil_defaultlib -L secureip --snapshot QAM_Transmitter_TB_behav xil_defaultlib.QAM_Transmitter_TB -log elaborate.log"
Vivado Simulator v2021.2
Copyright 1986-1999, 2001-2021 Xilinx, Inc. All Rights Reserved.
Running: G:/Vivado/2021.2/bin/unwrapped/win64.o/xelab.exe --incr --debug typical --relax --mt 2 -L xil_defaultlib -L secureip --snapshot QAM_Transmitter_TB_behav xil_defaultlib.QAM_Transmitter_TB -log elaborate.log 
Using 2 slave threads.
Starting static elaboration
Completed static elaboration
Starting simulation data flow analysis
Completed simulation data flow analysis
Time Resolution for simulation is 1ps
Compiling package std.standard
Compiling package std.textio
Compiling package ieee.std_logic_1164
Compiling package ieee.numeric_std
Compiling package ieee.std_logic_textio
Compiling architecture behavioral of entity xil_defaultlib.file_read [\file_read(file_name="rx_bin.txt...]
Compiling architecture behavioral of entity xil_defaultlib.AGC [agc_default]
Compiling architecture behavioral of entity xil_defaultlib.qam_transmitter_tb
Built simulation snapshot QAM_Transmitter_TB_behav
INFO: [USF-XSim-69] 'elaborate' step finished in '2' seconds
INFO: [USF-XSim-4] XSim::Simulate design
INFO: [USF-XSim-61] Executing 'SIMULATE' step in 'C:/Users/Mark/Desktop/review/VHDL/QAM_Receiver/QAM_Receiver.sim/sim_1/behav/xsim'
INFO: [USF-XSim-98] *** Running xsim
   with args "QAM_Transmitter_TB_behav -key {Behavioral:sim_1:Functional:QAM_Transmitter_TB} -tclbatch {QAM_Transmitter_TB.tcl} -view {C:/Users/Mark/Desktop/review/VHDL/QAM_Receiver/QAM_Transmitter_TB_behav.wcfg} -log {simulate.log}"
INFO: [USF-XSim-8] Loading simulator feature
Time resolution is 1 ps
open_wave_config C:/Users/Mark/Desktop/review/VHDL/QAM_Receiver/QAM_Transmitter_TB_behav.wcfg
source QAM_Transmitter_TB.tcl
# set curr_wave [current_wave_config]
# if { [string length $curr_wave] == 0 } {
#   if { [llength [get_objects]] > 0} {
#     add_wave /
#     set_property needs_save false [current_wave_config]
#   } else {
#      send_msg_id Add_Wave-1 WARNING "No top level signals found. Simulator will start without a wave window. If you want to open a wave window go to 'File->New Waveform Configuration' or type 'create_wave_config' in the TCL console."
#   }
# }
# run 6500ns
INFO: [USF-XSim-96] XSim completed. Design snapshot 'QAM_Transmitter_TB_behav' loaded.
INFO: [USF-XSim-97] XSim simulation ran for 6500ns
launch_simulation: Time (s): cpu = 00:00:01 ; elapsed = 00:00:06 . Memory (MB): peak = 1461.375 ; gain = 0.000
ERROR: [Vivado 12-106] *** Exception: java.lang.IllegalArgumentException: Property must not be null: contentChanges (See C:/Users/Mark/Desktop/review/VHDL/QAM_Receiver/vivado_pid50952.debug)
close_sim
INFO: [Simtcl 6-16] Simulation closed
exit
INFO: [Common 17-206] Exiting Vivado at Sun Jan 26 16:55:58 2025...
