#-----------------------------------------------------------
# Vivado v2021.2 (64-bit)
# SW Build 3367213 on Tue Oct 19 02:48:09 MDT 2021
# IP Build 3369179 on Thu Oct 21 08:25:16 MDT 2021
# Start of session at: Fri Jan 17 10:48:00 2025
# Process ID: 9724
# Current directory: C:/Users/Mark/Desktop/review/VHDL/osci_ipc
# Command line: vivado.exe -gui_launcher_event rodinguilauncherevent7340 C:\Users\Mark\Desktop\review\VHDL\osci_ipc\osci_ipc.xpr
# Log file: C:/Users/Mark/Desktop/review/VHDL/osci_ipc/vivado.log
# Journal file: C:/Users/Mark/Desktop/review/VHDL/osci_ipc\vivado.jou
# Running On: DESKTOP-IIQHOR6, OS: Windows, CPU Frequency: 3800 MHz, CPU Physical cores: 16, Host memory: 34282 MB
#-----------------------------------------------------------
start_gui
open_project C:/Users/Mark/Desktop/review/VHDL/osci_ipc/osci_ipc.xpr
WARNING: [Board 49-26] cannot add Board Part xilinx.com:kc705:part0:1.6 available at G:/Vivado/2021.2/data/xhub/boards/XilinxBoardStore/boards/Xilinx/kc705/1.6/board.xml as part xc7k325tffg900-2 specified in board_part file is either invalid or not available
WARNING: [Board 49-26] cannot add Board Part xilinx.com:kcu105:part0:1.6 available at G:/Vivado/2021.2/data/xhub/boards/XilinxBoardStore/boards/Xilinx/kcu105/1.6/board.xml as part xcku040-ffva1156-2-e specified in board_part file is either invalid or not available
WARNING: [Board 49-26] cannot add Board Part xilinx.com:kcu105:part0:1.7 available at G:/Vivado/2021.2/data/xhub/boards/XilinxBoardStore/boards/Xilinx/kcu105/1.7/board.xml as part xcku040-ffva1156-2-e specified in board_part file is either invalid or not available
WARNING: [Board 49-26] cannot add Board Part xilinx.com:kcu1500:part0:1.2 available at G:/Vivado/2021.2/data/xhub/boards/XilinxBoardStore/boards/Xilinx/kcu1500/1.2/board.xml as part xcku115-flvb2104-2-e specified in board_part file is either invalid or not available
WARNING: [Board 49-26] cannot add Board Part xilinx.com:vc707:part0:1.4 available at G:/Vivado/2021.2/data/xhub/boards/XilinxBoardStore/boards/Xilinx/vc707/1.4/board.xml as part xc7vx485tffg1761-2 specified in board_part file is either invalid or not available
WARNING: [Board 49-26] cannot add Board Part xilinx.com:vc709:part0:1.8 available at G:/Vivado/2021.2/data/xhub/boards/XilinxBoardStore/boards/Xilinx/vc709/1.8/board.xml as part xc7vx690tffg1761-2 specified in board_part file is either invalid or not available
WARNING: [Board 49-26] cannot add Board Part xilinx.com:vck190:part0:2.2 available at G:/Vivado/2021.2/data/xhub/boards/XilinxBoardStore/boards/Xilinx/vck190/production/2.2/board.xml as part xcvc1902-vsva2197-2mp-e-s specified in board_part file is either invalid or not available
WARNING: [Board 49-26] cannot add Board Part xilinx.com:vck190_es:part0:1.3 available at G:/Vivado/2021.2/data/xhub/boards/XilinxBoardStore/boards/Xilinx/vck190/es/1.3/board.xml as part xcvc1902-vsva2197-2mp-e-s-es1 specified in board_part file is either invalid or not available
WARNING: [Board 49-26] cannot add Board Part xilinx.com:vcu108:part0:1.6 available at G:/Vivado/2021.2/data/xhub/boards/XilinxBoardStore/boards/Xilinx/vcu108/1.6/board.xml as part xcvu095-ffva2104-2-e specified in board_part file is either invalid or not available
WARNING: [Board 49-26] cannot add Board Part xilinx.com:vcu108:part0:1.7 available at G:/Vivado/2021.2/data/xhub/boards/XilinxBoardStore/boards/Xilinx/vcu108/1.7/board.xml as part xcvu095-ffva2104-2-e specified in board_part file is either invalid or not available
WARNING: [Board 49-26] cannot add Board Part xilinx.com:vcu110:part0:1.4 available at G:/Vivado/2021.2/data/xhub/boards/XilinxBoardStore/boards/Xilinx/vcu110/1.4/board.xml as part xcvu190-flgc2104-2-e specified in board_part file is either invalid or not available
WARNING: [Board 49-26] cannot add Board Part xilinx.com:vcu118:part0:2.0 available at G:/Vivado/2021.2/data/xhub/boards/XilinxBoardStore/boards/Xilinx/vcu118/2.0/board.xml as part xcvu9p-flga2104-2l-e specified in board_part file is either invalid or not available
WARNING: [Board 49-26] cannot add Board Part xilinx.com:vcu118:part0:2.3 available at G:/Vivado/2021.2/data/xhub/boards/XilinxBoardStore/boards/Xilinx/vcu118/2.3/board.xml as part xcvu9p-flga2104-2l-e specified in board_part file is either invalid or not available
WARNING: [Board 49-26] cannot add Board Part xilinx.com:vcu118:part0:2.4 available at G:/Vivado/2021.2/data/xhub/boards/XilinxBoardStore/boards/Xilinx/vcu118/2.4/board.xml as part xcvu9p-flga2104-2l-e specified in board_part file is either invalid or not available
WARNING: [Board 49-26] cannot add Board Part xilinx.com:vcu128:part0:1.0 available at G:/Vivado/2021.2/data/xhub/boards/XilinxBoardStore/boards/Xilinx/vcu128/production/1.0/board.xml as part xcvu37p-fsvh2892-2l-e specified in board_part file is either invalid or not available
WARNING: [Board 49-26] cannot add Board Part xilinx.com:vcu129:part0:1.0 available at G:/Vivado/2021.2/data/xhub/boards/XilinxBoardStore/boards/Xilinx/vcu129/production/1.0/board.xml as part xcvu29p-fsga2577-2l-e specified in board_part file is either invalid or not available
WARNING: [Board 49-26] cannot add Board Part xilinx.com:vcu1525:part0:1.3 available at G:/Vivado/2021.2/data/xhub/boards/XilinxBoardStore/boards/Xilinx/vcu1525/1.3/board.xml as part xcvu9p-fsgd2104-2l-e specified in board_part file is either invalid or not available
WARNING: [Board 49-26] cannot add Board Part xilinx.com:vermeo_t1_mpsoc:part0:1.0 available at G:/Vivado/2021.2/data/xhub/boards/XilinxBoardStore/boards/Xilinx/vermeo_t1_mpsoc/1.0/board.xml as part xczu19eg-ffvd1760-2l-e specified in board_part file is either invalid or not available
WARNING: [Board 49-26] cannot add Board Part xilinx.com:vermeo_t1_rfsoc:part0:1.0 available at G:/Vivado/2021.2/data/xhub/boards/XilinxBoardStore/boards/Xilinx/vermeo_t1_rfsoc/1.0/board.xml as part xczu21dr-ffvd1156-2l-e specified in board_part file is either invalid or not available
WARNING: [Board 49-26] cannot add Board Part xilinx.com:vmk180:part0:2.2 available at G:/Vivado/2021.2/data/xhub/boards/XilinxBoardStore/boards/Xilinx/vmk180/production/2.2/board.xml as part xcvm1802-vsva2197-2mp-e-s specified in board_part file is either invalid or not available
WARNING: [Board 49-26] cannot add Board Part xilinx.com:vmk180_es:part0:1.3 available at G:/Vivado/2021.2/data/xhub/boards/XilinxBoardStore/boards/Xilinx/vmk180/es/1.3/board.xml as part xcvm1802-vsva2197-2mp-e-s-es1 specified in board_part file is either invalid or not available
WARNING: [Board 49-26] cannot add Board Part xilinx.com:vpk120_es:part0:1.2 available at G:/Vivado/2021.2/data/xhub/boards/XilinxBoardStore/boards/Xilinx/vpk120/es/1.2/board.xml as part xcvp1202-vsva2785-2mp-e-s-es1 specified in board_part file is either invalid or not available
WARNING: [Board 49-26] cannot add Board Part xilinx.com:zc706:part0:1.4 available at G:/Vivado/2021.2/data/xhub/boards/XilinxBoardStore/boards/Xilinx/zc706/1.4/board.xml as part xc7z045ffg900-2 specified in board_part file is either invalid or not available
WARNING: [Board 49-26] cannot add Board Part xilinx.com:zcu102:part0:3.3 available at G:/Vivado/2021.2/data/xhub/boards/XilinxBoardStore/boards/Xilinx/zcu102/3.3/board.xml as part xczu9eg-ffvb1156-2-e specified in board_part file is either invalid or not available
WARNING: [Board 49-26] cannot add Board Part xilinx.com:zcu102:part0:3.4 available at G:/Vivado/2021.2/data/xhub/boards/XilinxBoardStore/boards/Xilinx/zcu102/3.4/board.xml as part xczu9eg-ffvb1156-2-e specified in board_part file is either invalid or not available
WARNING: [Board 49-26] cannot add Board Part xilinx.com:zcu111:part0:1.2 available at G:/Vivado/2021.2/data/xhub/boards/XilinxBoardStore/boards/Xilinx/zcu111/1.2/board.xml as part xczu28dr-ffvg1517-2-e specified in board_part file is either invalid or not available
WARNING: [Board 49-26] cannot add Board Part xilinx.com:zcu111:part0:1.3 available at G:/Vivado/2021.2/data/xhub/boards/XilinxBoardStore/boards/Xilinx/zcu111/1.3/board.xml as part xczu28dr-ffvg1517-2-e specified in board_part file is either invalid or not available
WARNING: [Board 49-26] cannot add Board Part xilinx.com:zcu111:part0:1.4 available at G:/Vivado/2021.2/data/xhub/boards/XilinxBoardStore/boards/Xilinx/zcu111/1.4/board.xml as part xczu28dr-ffvg1517-2-e specified in board_part file is either invalid or not available
WARNING: [Board 49-26] cannot add Board Part xilinx.com:zcu1275:part0:1.0 available at G:/Vivado/2021.2/data/xhub/boards/XilinxBoardStore/boards/Xilinx/zcu1275/1.0/board.xml as part xczu29dr-ffvf1760-2-e specified in board_part file is either invalid or not available
WARNING: [Board 49-26] cannot add Board Part xilinx.com:zcu1285:part0:1.0 available at G:/Vivado/2021.2/data/xhub/boards/XilinxBoardStore/boards/Xilinx/zcu1285/1.0/board.xml as part xczu39dr-ffvf1760-2-i specified in board_part file is either invalid or not available
WARNING: [Board 49-26] cannot add Board Part xilinx.com:zcu208:part0:2.0 available at G:/Vivado/2021.2/data/xhub/boards/XilinxBoardStore/boards/Xilinx/zcu208/production/2.0/board.xml as part xczu48dr-fsvg1517-2-e specified in board_part file is either invalid or not available
WARNING: [Board 49-26] cannot add Board Part xilinx.com:zcu208_es:part0:1.0 available at G:/Vivado/2021.2/data/xhub/boards/XilinxBoardStore/boards/Xilinx/zcu208/es/1.0/board.xml as part xczu48dr-fsvg1517-2-e-es1 specified in board_part file is either invalid or not available
WARNING: [Board 49-26] cannot add Board Part xilinx.com:zcu208_es:part0:1.1 available at G:/Vivado/2021.2/data/xhub/boards/XilinxBoardStore/boards/Xilinx/zcu208/es/1.1/board.xml as part xczu48dr-fsvg1517-2-e-es1 specified in board_part file is either invalid or not available
WARNING: [Board 49-26] cannot add Board Part xilinx.com:zcu208_es:part0:1.2 available at G:/Vivado/2021.2/data/xhub/boards/XilinxBoardStore/boards/Xilinx/zcu208/es/1.2/board.xml as part xczu48dr-fsvg1517-2-e-es1 specified in board_part file is either invalid or not available
WARNING: [Board 49-26] cannot add Board Part xilinx.com:zcu208ld:part0:2.0 available at G:/Vivado/2021.2/data/xhub/boards/XilinxBoardStore/boards/Xilinx/zcu208ld/production/2.0/board.xml as part xczu58dr-fsvg1517-2-i specified in board_part file is either invalid or not available
WARNING: [Board 49-26] cannot add Board Part xilinx.com:zcu208ld_es:part0:1.0 available at G:/Vivado/2021.2/data/xhub/boards/XilinxBoardStore/boards/Xilinx/zcu208ld/es/1.0/board.xml as part xczu58dr-fsvg1517-2-i-es1 specified in board_part file is either invalid or not available
WARNING: [Board 49-26] cannot add Board Part xilinx.com:zcu216:part0:2.0 available at G:/Vivado/2021.2/data/xhub/boards/XilinxBoardStore/boards/Xilinx/zcu216/production/2.0/board.xml as part xczu49dr-ffvf1760-2-e specified in board_part file is either invalid or not available
WARNING: [Board 49-26] cannot add Board Part xilinx.com:zcu216_es:part0:1.0 available at G:/Vivado/2021.2/data/xhub/boards/XilinxBoardStore/boards/Xilinx/zcu216/es/1.0/board.xml as part xczu49dr-ffvf1760-2-e-es1 specified in board_part file is either invalid or not available
WARNING: [Board 49-26] cannot add Board Part xilinx.com:zcu216_es:part0:1.1 available at G:/Vivado/2021.2/data/xhub/boards/XilinxBoardStore/boards/Xilinx/zcu216/es/1.1/board.xml as part xczu49dr-ffvf1760-2-e-es1 specified in board_part file is either invalid or not available
WARNING: [Board 49-26] cannot add Board Part xilinx.com:zcu216_es:part0:1.2 available at G:/Vivado/2021.2/data/xhub/boards/XilinxBoardStore/boards/Xilinx/zcu216/es/1.2/board.xml as part xczu49dr-ffvf1760-2-e-es1 specified in board_part file is either invalid or not available
WARNING: [Board 49-26] cannot add Board Part xilinx.com:zcu216ld:part0:2.0 available at G:/Vivado/2021.2/data/xhub/boards/XilinxBoardStore/boards/Xilinx/zcu216ld/production/2.0/board.xml as part xczu59dr-ffvf1760-2-i specified in board_part file is either invalid or not available
WARNING: [Board 49-26] cannot add Board Part xilinx.com:zcu216ld_es:part0:1.0 available at G:/Vivado/2021.2/data/xhub/boards/XilinxBoardStore/boards/Xilinx/zcu216ld/es/1.0/board.xml as part xczu59dr-ffvf1760-2-i-es1 specified in board_part file is either invalid or not available
WARNING: [Board 49-26] cannot add Board Part xilinx.com:zcu670:part0:1.0 available at G:/Vivado/2021.2/data/xhub/boards/XilinxBoardStore/boards/Xilinx/zcu670/1.0/board.xml as part xczu67dr-fsve1156-2-i specified in board_part file is either invalid or not available
Scanning sources...
Finished scanning sources
INFO: [IP_Flow 19-234] Refreshing IP repositories
INFO: [IP_Flow 19-1704] No user IP repositories specified
INFO: [IP_Flow 19-2313] Loaded Vivado IP repository 'G:/Vivado/2021.2/data/ip'.
WARNING: [IP_Flow 19-3664] IP 'dds_compiler_0' generated file not found 'c:/Users/Mark/Desktop/review/VHDL/osci_ipc/osci_ipc.gen/sources_1/ip/dds_compiler_0/dds_compiler_0.dcp'. Please regenerate to continue.
WARNING: [IP_Flow 19-3664] IP 'dds_compiler_0' generated file not found 'c:/Users/Mark/Desktop/review/VHDL/osci_ipc/osci_ipc.gen/sources_1/ip/dds_compiler_0/dds_compiler_0_stub.v'. Please regenerate to continue.
WARNING: [IP_Flow 19-3664] IP 'dds_compiler_0' generated file not found 'c:/Users/Mark/Desktop/review/VHDL/osci_ipc/osci_ipc.gen/sources_1/ip/dds_compiler_0/dds_compiler_0_stub.vhdl'. Please regenerate to continue.
WARNING: [IP_Flow 19-3664] IP 'dds_compiler_0' generated file not found 'c:/Users/Mark/Desktop/review/VHDL/osci_ipc/osci_ipc.gen/sources_1/ip/dds_compiler_0/dds_compiler_0_sim_netlist.v'. Please regenerate to continue.
WARNING: [IP_Flow 19-3664] IP 'dds_compiler_0' generated file not found 'c:/Users/Mark/Desktop/review/VHDL/osci_ipc/osci_ipc.gen/sources_1/ip/dds_compiler_0/dds_compiler_0_sim_netlist.vhdl'. Please regenerate to continue.
update_compile_order -fileset sources_1
CRITICAL WARNING: [HDL 9-849] Syntax error : file ended before end of clause. [c:/Users/Mark/Desktop/review/VHDL/osci_ipc/osci_ipc.gen/sources_1/ip/dds_compiler_0/hdl/axi_utils_v2_0_vh_rfs.vhd:3845]
launch_simulation
Command: launch_simulation 
INFO: [Vivado 12-12493] Simulation top is 'osci_ipc_tb'
WARNING: [Vivado 12-12986] Compiled library path does not exist: ''
INFO: [Vivado 12-5698] Checking validity of IPs in the design for the 'XSim' simulator...
INFO: [Vivado 12-5682] Launching behavioral simulation in 'C:/Users/Mark/Desktop/review/VHDL/osci_ipc/osci_ipc.sim/sim_1/behav/xsim'
INFO: [Vivado 12-4795] Using compiled simulation libraries for IPs
INFO: [SIM-utils-51] Simulation object is 'sim_1'
INFO: [SIM-utils-72] Using boost library from 'G:/Vivado/2021.2/tps/boost_1_72_0'
INFO: [USF-XSim-7] Finding pre-compiled libraries...
INFO: [USF-XSim-11] File 'G:/Vivado/2021.2/data/xsim/xsim.ini' copied to run dir:'C:/Users/Mark/Desktop/review/VHDL/osci_ipc/osci_ipc.sim/sim_1/behav/xsim'
INFO: [SIM-utils-54] Inspecting design source files for 'osci_ipc_tb' in fileset 'sim_1'...
INFO: [USF-XSim-97] Finding global include files...
INFO: [USF-XSim-98] Fetching design files from 'sim_1'...
INFO: [USF-XSim-2] XSim::Compile design
INFO: [USF-XSim-61] Executing 'COMPILE and ANALYZE' step in 'C:/Users/Mark/Desktop/review/VHDL/osci_ipc/osci_ipc.sim/sim_1/behav/xsim'
"xvhdl --incr --relax -prj osci_ipc_tb_vhdl.prj"
INFO: [USF-XSim-69] 'compile' step finished in '1' seconds
INFO: [USF-XSim-3] XSim::Elaborate design
INFO: [USF-XSim-61] Executing 'ELABORATE' step in 'C:/Users/Mark/Desktop/review/VHDL/osci_ipc/osci_ipc.sim/sim_1/behav/xsim'
"xelab --incr --debug typical --relax --mt 2 -L xil_defaultlib -L xbip_utils_v3_0_10 -L axi_utils_v2_0_6 -L xbip_pipe_v3_0_6 -L xbip_bram18k_v3_0_6 -L mult_gen_v12_0_17 -L xbip_dsp48_wrapper_v3_0_4 -L xbip_dsp48_addsub_v3_0_6 -L xbip_dsp48_multadd_v3_0_6 -L dds_compiler_v6_0_21 -L secureip -L xpm --snapshot osci_ipc_tb_behav xil_defaultlib.osci_ipc_tb -log elaborate.log"
Vivado Simulator v2021.2
Copyright 1986-1999, 2001-2021 Xilinx, Inc. All Rights Reserved.
Running: G:/Vivado/2021.2/bin/unwrapped/win64.o/xelab.exe --incr --debug typical --relax --mt 2 -L xil_defaultlib -L xbip_utils_v3_0_10 -L axi_utils_v2_0_6 -L xbip_pipe_v3_0_6 -L xbip_bram18k_v3_0_6 -L mult_gen_v12_0_17 -L xbip_dsp48_wrapper_v3_0_4 -L xbip_dsp48_addsub_v3_0_6 -L xbip_dsp48_multadd_v3_0_6 -L dds_compiler_v6_0_21 -L secureip -L xpm --snapshot osci_ipc_tb_behav xil_defaultlib.osci_ipc_tb -log elaborate.log 
Using 2 slave threads.
Starting static elaboration
Completed static elaboration
INFO: [XSIM 43-4323] No Change in HDL. Linking previously generated obj files to create kernel
INFO: [USF-XSim-69] 'elaborate' step finished in '5' seconds
INFO: [USF-XSim-4] XSim::Simulate design
INFO: [USF-XSim-61] Executing 'SIMULATE' step in 'C:/Users/Mark/Desktop/review/VHDL/osci_ipc/osci_ipc.sim/sim_1/behav/xsim'
INFO: [USF-XSim-98] *** Running xsim
   with args "osci_ipc_tb_behav -key {Behavioral:sim_1:Functional:osci_ipc_tb} -tclbatch {osci_ipc_tb.tcl} -log {simulate.log}"
INFO: [USF-XSim-8] Loading simulator feature
Time resolution is 1 ps
source osci_ipc_tb.tcl
# set curr_wave [current_wave_config]
# if { [string length $curr_wave] == 0 } {
#   if { [llength [get_objects]] > 0} {
#     add_wave /
#     set_property needs_save false [current_wave_config]
#   } else {
#      send_msg_id Add_Wave-1 WARNING "No top level signals found. Simulator will start without a wave window. If you want to open a wave window go to 'File->New Waveform Configuration' or type 'create_wave_config' in the TCL console."
#   }
# }
# run 1000ns
INFO: [USF-XSim-96] XSim completed. Design snapshot 'osci_ipc_tb_behav' loaded.
INFO: [USF-XSim-97] XSim simulation ran for 1000ns
launch_simulation: Time (s): cpu = 00:00:04 ; elapsed = 00:00:10 . Memory (MB): peak = 1578.645 ; gain = 0.000
export_ip_user_files -of_objects  [get_files C:/Users/Mark/Desktop/review/VHDL/osci_ipc/osci_ipc.srcs/sources_1/ip/dds_compiler_0/dds_compiler_0.xci] -no_script -reset -force -quiet
remove_files  -fileset dds_compiler_0 C:/Users/Mark/Desktop/review/VHDL/osci_ipc/osci_ipc.srcs/sources_1/ip/dds_compiler_0/dds_compiler_0.xci
WARNING: [Vivado 12-1017] Problems encountered:
1. Failed to delete one or more files in run directory C:/Users/Mark/Desktop/review/VHDL/osci_ipc/osci_ipc.runs/dds_compiler_0_synth_1

INFO: [Project 1-386] Moving file 'C:/Users/Mark/Desktop/review/VHDL/osci_ipc/osci_ipc.srcs/sources_1/ip/dds_compiler_0/dds_compiler_0.xci' from fileset 'dds_compiler_0' to fileset 'sources_1'.
file delete -force C:/Users/Mark/Desktop/review/VHDL/osci_ipc/osci_ipc.srcs/sources_1/ip/dds_compiler_0
file delete -force c:/Users/Mark/Desktop/review/VHDL/osci_ipc/osci_ipc.gen/sources_1/ip/dds_compiler_0
create_ip -name dds_compiler -vendor xilinx.com -library ip -version 6.0 -module_name dds_compiler_0
set_property -dict [list CONFIG.Parameter_Entry {System_Parameters} CONFIG.Output_Frequency1 {10} CONFIG.Frequency_Resolution {0.4} CONFIG.Noise_Shaping {Auto} CONFIG.Phase_Width {28} CONFIG.Output_Width {8} CONFIG.PINC1 {1100110011001100110011001}] [get_ips dds_compiler_0]
generate_target {instantiation_template} [get_files c:/Users/Mark/Desktop/review/VHDL/osci_ipc/osci_ipc.srcs/sources_1/ip/dds_compiler_0/dds_compiler_0.xci]
INFO: [IP_Flow 19-1686] Generating 'Instantiation Template' target for IP 'dds_compiler_0'...
generate_target all [get_files  c:/Users/Mark/Desktop/review/VHDL/osci_ipc/osci_ipc.srcs/sources_1/ip/dds_compiler_0/dds_compiler_0.xci]
INFO: [IP_Flow 19-1686] Generating 'Synthesis' target for IP 'dds_compiler_0'...
INFO: [IP_Flow 19-1686] Generating 'Simulation' target for IP 'dds_compiler_0'...
INFO: [IP_Flow 19-1686] Generating 'C Simulation' target for IP 'dds_compiler_0'...
INFO: [IP_Flow 19-1686] Generating 'Test Bench' target for IP 'dds_compiler_0'...
INFO: [IP_Flow 19-1686] Generating 'Change Log' target for IP 'dds_compiler_0'...
catch { config_ip_cache -export [get_ips -all dds_compiler_0] }
export_ip_user_files -of_objects [get_files c:/Users/Mark/Desktop/review/VHDL/osci_ipc/osci_ipc.srcs/sources_1/ip/dds_compiler_0/dds_compiler_0.xci] -no_script -sync -force -quiet
create_ip_run [get_files -of_objects [get_fileset sources_1] c:/Users/Mark/Desktop/review/VHDL/osci_ipc/osci_ipc.srcs/sources_1/ip/dds_compiler_0/dds_compiler_0.xci]
launch_runs dds_compiler_0_synth_1 -jobs 8
[Fri Jan 17 10:57:28 2025] Launched dds_compiler_0_synth_1...
Run output will be captured here: C:/Users/Mark/Desktop/review/VHDL/osci_ipc/osci_ipc.runs/dds_compiler_0_synth_1/runme.log
export_simulation -of_objects [get_files c:/Users/Mark/Desktop/review/VHDL/osci_ipc/osci_ipc.srcs/sources_1/ip/dds_compiler_0/dds_compiler_0.xci] -directory C:/Users/Mark/Desktop/review/VHDL/osci_ipc/osci_ipc.ip_user_files/sim_scripts -ip_user_files_dir C:/Users/Mark/Desktop/review/VHDL/osci_ipc/osci_ipc.ip_user_files -ipstatic_source_dir C:/Users/Mark/Desktop/review/VHDL/osci_ipc/osci_ipc.ip_user_files/ipstatic -lib_map_path [list {modelsim=C:/Users/Mark/Desktop/review/VHDL/osci_ipc/osci_ipc.cache/compile_simlib/modelsim} {questa=C:/Users/Mark/Desktop/review/VHDL/osci_ipc/osci_ipc.cache/compile_simlib/questa} {riviera=C:/Users/Mark/Desktop/review/VHDL/osci_ipc/osci_ipc.cache/compile_simlib/riviera} {activehdl=C:/Users/Mark/Desktop/review/VHDL/osci_ipc/osci_ipc.cache/compile_simlib/activehdl}] -use_ip_compiled_libs -force -quiet
close_sim
INFO: [Simtcl 6-16] Simulation closed
launch_simulation
Command: launch_simulation 
INFO: [Vivado 12-12493] Simulation top is 'osci_ipc_tb'
WARNING: [Vivado 12-12986] Compiled library path does not exist: ''
INFO: [Vivado 12-5698] Checking validity of IPs in the design for the 'XSim' simulator...
INFO: [Vivado 12-5682] Launching behavioral simulation in 'C:/Users/Mark/Desktop/review/VHDL/osci_ipc/osci_ipc.sim/sim_1/behav/xsim'
INFO: [Vivado 12-4795] Using compiled simulation libraries for IPs
INFO: [SIM-utils-51] Simulation object is 'sim_1'
INFO: [SIM-utils-72] Using boost library from 'G:/Vivado/2021.2/tps/boost_1_72_0'
INFO: [USF-XSim-7] Finding pre-compiled libraries...
INFO: [USF-XSim-11] File 'G:/Vivado/2021.2/data/xsim/xsim.ini' copied to run dir:'C:/Users/Mark/Desktop/review/VHDL/osci_ipc/osci_ipc.sim/sim_1/behav/xsim'
INFO: [SIM-utils-54] Inspecting design source files for 'osci_ipc_tb' in fileset 'sim_1'...
INFO: [USF-XSim-97] Finding global include files...
INFO: [USF-XSim-98] Fetching design files from 'sim_1'...
INFO: [USF-XSim-2] XSim::Compile design
INFO: [USF-XSim-61] Executing 'COMPILE and ANALYZE' step in 'C:/Users/Mark/Desktop/review/VHDL/osci_ipc/osci_ipc.sim/sim_1/behav/xsim'
"xvhdl --incr --relax -prj osci_ipc_tb_vhdl.prj"
INFO: [VRFC 10-163] Analyzing VHDL file "C:/Users/Mark/Desktop/review/VHDL/osci_ipc/osci_ipc.gen/sources_1/ip/dds_compiler_0/sim/dds_compiler_0.vhd" into library xil_defaultlib
INFO: [VRFC 10-3107] analyzing entity 'dds_compiler_0'
INFO: [VRFC 10-163] Analyzing VHDL file "C:/Users/Mark/Desktop/review/VHDL/osci_ipc/osci_ipc.srcs/sim_1/new/osci_ipc_tb.vhd" into library xil_defaultlib
INFO: [VRFC 10-3107] analyzing entity 'osci_ipc_tb'
INFO: [USF-XSim-69] 'compile' step finished in '1' seconds
INFO: [USF-XSim-3] XSim::Elaborate design
INFO: [USF-XSim-61] Executing 'ELABORATE' step in 'C:/Users/Mark/Desktop/review/VHDL/osci_ipc/osci_ipc.sim/sim_1/behav/xsim'
"xelab --incr --debug typical --relax --mt 2 -L xil_defaultlib -L xbip_utils_v3_0_10 -L axi_utils_v2_0_6 -L xbip_pipe_v3_0_6 -L xbip_bram18k_v3_0_6 -L mult_gen_v12_0_17 -L xbip_dsp48_wrapper_v3_0_4 -L xbip_dsp48_addsub_v3_0_6 -L xbip_dsp48_multadd_v3_0_6 -L dds_compiler_v6_0_21 -L secureip -L xpm --snapshot osci_ipc_tb_behav xil_defaultlib.osci_ipc_tb -log elaborate.log"
Vivado Simulator v2021.2
Copyright 1986-1999, 2001-2021 Xilinx, Inc. All Rights Reserved.
Running: G:/Vivado/2021.2/bin/unwrapped/win64.o/xelab.exe --incr --debug typical --relax --mt 2 -L xil_defaultlib -L xbip_utils_v3_0_10 -L axi_utils_v2_0_6 -L xbip_pipe_v3_0_6 -L xbip_bram18k_v3_0_6 -L mult_gen_v12_0_17 -L xbip_dsp48_wrapper_v3_0_4 -L xbip_dsp48_addsub_v3_0_6 -L xbip_dsp48_multadd_v3_0_6 -L dds_compiler_v6_0_21 -L secureip -L xpm --snapshot osci_ipc_tb_behav xil_defaultlib.osci_ipc_tb -log elaborate.log 
Using 2 slave threads.
Starting static elaboration
Completed static elaboration
Starting simulation data flow analysis
Completed simulation data flow analysis
Time Resolution for simulation is 1ps
Compiling package std.standard
Compiling package std.textio
Compiling package ieee.std_logic_1164
Compiling package ieee.numeric_std
Compiling package xbip_utils_v3_0_10.xbip_utils_v3_0_10_pkg
Compiling package xbip_utils_v3_0_10.xcc_utils_v3_0
Compiling package dds_compiler_v6_0_21.dds_compiler_v6_0_21_viv_comp
Compiling package ieee.std_logic_arith
Compiling package ieee.std_logic_signed
Compiling package dds_compiler_v6_0_21.pkg_dds_compiler_v6_0_21
Compiling package dds_compiler_v6_0_21.dds_compiler_v6_0_21_hdl_comps
Compiling package xbip_pipe_v3_0_6.xbip_pipe_v3_0_6_viv_comp
Compiling package axi_utils_v2_0_6.axi_utils_v2_0_6_pkg
Compiling package ieee.math_real
Compiling package axi_utils_v2_0_6.global_util_pkg
Compiling package axi_utils_v2_0_6.axi_utils_comps
Compiling package unisim.vcomponents
Compiling package ieee.std_logic_unsigned
Compiling package dds_compiler_v6_0_21.pkg_betas
Compiling package dds_compiler_v6_0_21.pkg_alphas
Compiling architecture synth of entity xbip_pipe_v3_0_6.xbip_pipe_v3_0_6_viv [\xbip_pipe_v3_0_6_viv(c_latency=...]
Compiling architecture synth of entity xbip_pipe_v3_0_6.xbip_pipe_v3_0_6_viv [\xbip_pipe_v3_0_6_viv(c_latency=...]
Compiling architecture synth of entity dds_compiler_v6_0_21.dds_compiler_v6_0_21_rdy [\dds_compiler_v6_0_21_rdy(c_has_...]
Compiling architecture synth of entity xbip_pipe_v3_0_6.xbip_pipe_v3_0_6_viv [\xbip_pipe_v3_0_6_viv(c_has_ce=1...]
Compiling architecture synth of entity xbip_pipe_v3_0_6.xbip_pipe_v3_0_6_viv [\xbip_pipe_v3_0_6_viv(c_has_ce=1...]
Compiling architecture synth of entity xbip_pipe_v3_0_6.xbip_pipe_v3_0_6_viv [\xbip_pipe_v3_0_6_viv(c_has_ce=1...]
Compiling architecture synth of entity xbip_pipe_v3_0_6.xbip_pipe_v3_0_6_viv [\xbip_pipe_v3_0_6_viv(c_latency=...]
Compiling architecture synth of entity dds_compiler_v6_0_21.pipe_add [\pipe_add(c_width=28,c_seg_width...]
Compiling architecture synth of entity dds_compiler_v6_0_21.accum [\accum(c_xdevicefamily="kintex7"...]
Compiling architecture synth of entity xbip_pipe_v3_0_6.xbip_pipe_v3_0_6_viv [\xbip_pipe_v3_0_6_viv(c_latency=...]
Compiling architecture synth of entity xbip_pipe_v3_0_6.xbip_pipe_v3_0_6_viv [\xbip_pipe_v3_0_6_viv(c_has_ce=1...]
Compiling architecture synth of entity xbip_pipe_v3_0_6.xbip_pipe_v3_0_6_viv [\xbip_pipe_v3_0_6_viv(c_has_ce=1...]
Compiling architecture synth of entity dds_compiler_v6_0_21.sin_cos [\sin_cos(c_xdevicefamily="kintex...]
Compiling architecture synth of entity xbip_pipe_v3_0_6.xbip_pipe_v3_0_6_viv [\xbip_pipe_v3_0_6_viv(c_has_ce=1...]
Compiling architecture synth of entity dds_compiler_v6_0_21.dds_compiler_v6_0_21_core [\dds_compiler_v6_0_21_core(c_xde...]
Compiling architecture synth of entity dds_compiler_v6_0_21.dds_compiler_v6_0_21_viv [\dds_compiler_v6_0_21_viv(c_xdev...]
Compiling architecture xilinx of entity dds_compiler_v6_0_21.dds_compiler_v6_0_21 [\dds_compiler_v6_0_21(c_xdevicef...]
Compiling architecture dds_compiler_0_arch of entity xil_defaultlib.dds_compiler_0 [dds_compiler_0_default]
Compiling architecture behavioral of entity xil_defaultlib.osci_ipc_tb
Built simulation snapshot osci_ipc_tb_behav
INFO: [USF-XSim-69] 'elaborate' step finished in '5' seconds
INFO: [USF-XSim-4] XSim::Simulate design
INFO: [USF-XSim-61] Executing 'SIMULATE' step in 'C:/Users/Mark/Desktop/review/VHDL/osci_ipc/osci_ipc.sim/sim_1/behav/xsim'
INFO: [USF-XSim-98] *** Running xsim
   with args "osci_ipc_tb_behav -key {Behavioral:sim_1:Functional:osci_ipc_tb} -tclbatch {osci_ipc_tb.tcl} -log {simulate.log}"
INFO: [USF-XSim-8] Loading simulator feature
Time resolution is 1 ps
source osci_ipc_tb.tcl
# set curr_wave [current_wave_config]
# if { [string length $curr_wave] == 0 } {
#   if { [llength [get_objects]] > 0} {
#     add_wave /
#     set_property needs_save false [current_wave_config]
#   } else {
#      send_msg_id Add_Wave-1 WARNING "No top level signals found. Simulator will start without a wave window. If you want to open a wave window go to 'File->New Waveform Configuration' or type 'create_wave_config' in the TCL console."
#   }
# }
# run 1000ns
INFO: [USF-XSim-96] XSim completed. Design snapshot 'osci_ipc_tb_behav' loaded.
INFO: [USF-XSim-97] XSim simulation ran for 1000ns
launch_simulation: Time (s): cpu = 00:00:02 ; elapsed = 00:00:08 . Memory (MB): peak = 1578.645 ; gain = 0.000
close_sim
INFO: [Simtcl 6-16] Simulation closed
exit
INFO: [Common 17-206] Exiting Vivado at Fri Jan 17 11:01:55 2025...
